29.12.2023, 17:08:19 - INFO - Req was made | / 
29.12.2023, 17:08:19 - DEBUG - Getting toys | {"txt":""} 
29.12.2023, 17:08:25 - INFO - Req was made | / 
29.12.2023, 17:08:25 - DEBUG - Getting toys | {"txt":""} 
29.12.2023, 17:08:28 - INFO - Req was made | / 
29.12.2023, 17:08:28 - DEBUG - Getting toys | {"txt":""} 
29.12.2023, 17:09:40 - INFO - server.js loaded... 
29.12.2023, 17:09:40 - INFO - Server is running on port: 3030 
29.12.2023, 17:09:44 - INFO - Req was made | / 
29.12.2023, 17:09:44 - DEBUG - Getting toys | {"txt":"panda"} 
29.12.2023, 17:10:16 - INFO - server.js loaded... 
29.12.2023, 17:10:16 - INFO - Server is running on port: 3030 
29.12.2023, 17:10:17 - INFO - Req was made | / 
29.12.2023, 17:10:18 - DEBUG - Getting toys | {"txt":""} 
29.12.2023, 17:11:10 - INFO - server.js loaded... 
29.12.2023, 17:11:10 - INFO - Server is running on port: 3030 
29.12.2023, 17:11:12 - INFO - Req was made | / 
29.12.2023, 17:11:12 - DEBUG - Getting toys | {"txt":"","inStock":""} 
29.12.2023, 17:11:13 - INFO - Req was made | / 
29.12.2023, 17:11:13 - DEBUG - Getting toys | {"txt":"","inStock":""} 
29.12.2023, 17:11:16 - INFO - Req was made | / 
29.12.2023, 17:11:16 - DEBUG - Getting toys | {"txt":"","inStock":""} 
29.12.2023, 17:11:18 - INFO - Req was made | / 
29.12.2023, 17:11:18 - DEBUG - Getting toys | {"txt":"","inStock":""} 
29.12.2023, 17:11:33 - INFO - server.js loaded... 
29.12.2023, 17:11:33 - INFO - Server is running on port: 3030 
29.12.2023, 17:13:35 - INFO - server.js loaded... 
29.12.2023, 17:13:35 - INFO - Server is running on port: 3030 
29.12.2023, 17:13:39 - INFO - Req was made | / 
29.12.2023, 17:13:39 - DEBUG - Getting toys | {"txt":"","inStock":""} 
29.12.2023, 17:13:40 - DEBUG - Getting toys | {"txt":"","inStock":""} 
29.12.2023, 17:13:40 - INFO - Req was made | / 
29.12.2023, 17:13:43 - INFO - Req was made | / 
29.12.2023, 17:13:43 - DEBUG - Getting toys | {"txt":"","inStock":""} 
29.12.2023, 17:13:55 - INFO - server.js loaded... 
29.12.2023, 17:13:55 - INFO - Server is running on port: 3030 
29.12.2023, 17:13:56 - INFO - Req was made | / 
29.12.2023, 17:13:56 - DEBUG - Getting toys | {"txt":"","inStock":false} 
29.12.2023, 17:14:05 - INFO - server.js loaded... 
29.12.2023, 17:14:05 - INFO - Server is running on port: 3030 
29.12.2023, 17:14:07 - INFO - Req was made | / 
29.12.2023, 17:14:07 - DEBUG - Getting toys | {"txt":"","inStock":true} 
29.12.2023, 17:14:09 - INFO - Req was made | / 
29.12.2023, 17:14:09 - DEBUG - Getting toys | {"txt":"","inStock":true} 
29.12.2023, 17:14:32 - INFO - server.js loaded... 
29.12.2023, 17:14:32 - INFO - Server is running on port: 3030 
29.12.2023, 17:14:33 - INFO - Req was made | / 
29.12.2023, 17:14:33 - DEBUG - Getting toys | {"txt":"","inStock":true} 
29.12.2023, 17:15:37 - DEBUG - Getting toys | {"txt":"","inStock":true} 
29.12.2023, 17:15:37 - INFO - Req was made | / 
29.12.2023, 17:15:40 - INFO - Req was made | / 
29.12.2023, 17:15:40 - DEBUG - Getting toys | {"txt":"","inStock":true} 
29.12.2023, 17:16:33 - INFO - Req was made | / 
29.12.2023, 17:16:33 - DEBUG - Getting toys | {"txt":"","inStock":true} 
29.12.2023, 17:16:40 - INFO - Req was made | / 
29.12.2023, 17:16:40 - DEBUG - Getting toys | {"txt":"someText","inStock":"false"} 
29.12.2023, 17:16:49 - INFO - Req was made | / 
29.12.2023, 17:16:49 - DEBUG - Getting toys | {"txt":"","inStock":"false"} 
29.12.2023, 17:17:07 - INFO - Req was made | / 
29.12.2023, 17:17:07 - DEBUG - Getting toys | {"txt":"","inStock":"false"} 
29.12.2023, 17:17:18 - INFO - Req was made | / 
29.12.2023, 17:17:18 - DEBUG - Getting toys | {"txt":"","inStock":"true"} 
29.12.2023, 17:17:23 - INFO - Req was made | / 
29.12.2023, 17:17:23 - DEBUG - Getting toys | {"txt":"","inStock":true} 
29.12.2023, 17:17:45 - INFO - Req was made | / 
29.12.2023, 17:17:45 - DEBUG - Getting toys | {"txt":"","inStock":true} 
29.12.2023, 17:17:51 - INFO - Req was made | / 
29.12.2023, 17:17:51 - DEBUG - Getting toys | {"txt":"","inStock":true} 
29.12.2023, 17:18:25 - INFO - Req was made | / 
29.12.2023, 17:18:25 - DEBUG - Getting toys | {"txt":"","inStock":true} 
29.12.2023, 17:18:45 - INFO - Req was made | / 
29.12.2023, 17:18:45 - DEBUG - Getting toys | {"txt":"","inStock":true} 
29.12.2023, 17:19:26 - INFO - Req was made | / 
29.12.2023, 17:19:26 - DEBUG - Getting toys | {"txt":"","inStock":true} 
29.12.2023, 17:19:27 - INFO - Req was made | / 
29.12.2023, 17:19:27 - DEBUG - Getting toys | {"txt":"","inStock":true} 
29.12.2023, 17:19:29 - INFO - Req was made | / 
29.12.2023, 17:19:30 - DEBUG - Getting toys | {"txt":"","inStock":true} 
29.12.2023, 17:20:47 - INFO - server.js loaded... 
29.12.2023, 17:20:47 - INFO - Server is running on port: 3030 
29.12.2023, 17:20:51 - DEBUG - Getting toys | {"txt":"","inStock":true} 
29.12.2023, 17:20:51 - INFO - Req was made | / 
29.12.2023, 17:20:51 - ERROR - Failed to get toys | ReferenceError: inStock is not defined 
29.12.2023, 17:20:51 - ERROR - cannot find toys | ReferenceError: inStock is not defined 
29.12.2023, 17:21:08 - DEBUG - Getting toys | {"txt":"","inStock":true} 
29.12.2023, 17:21:08 - INFO - Req was made | / 
29.12.2023, 17:21:08 - ERROR - cannot find toys | ReferenceError: inStock is not defined 
29.12.2023, 17:21:08 - ERROR - Failed to get toys | ReferenceError: inStock is not defined 
29.12.2023, 17:21:46 - INFO - server.js loaded... 
29.12.2023, 17:21:46 - INFO - Server is running on port: 3030 
29.12.2023, 17:21:46 - INFO - Req was made | / 
29.12.2023, 17:21:46 - DEBUG - Getting toys | {"txt":"","inStock":true} 
29.12.2023, 17:21:49 - INFO - Req was made | / 
29.12.2023, 17:21:49 - DEBUG - Getting toys | {"txt":"","inStock":true} 
29.12.2023, 17:22:00 - INFO - server.js loaded... 
29.12.2023, 17:22:00 - INFO - Server is running on port: 3030 
29.12.2023, 17:22:01 - INFO - Req was made | / 
29.12.2023, 17:22:01 - DEBUG - Getting toys | {"txt":"","inStock":""} 
29.12.2023, 17:22:03 - INFO - Req was made | / 
29.12.2023, 17:22:03 - DEBUG - Getting toys | {"txt":"","inStock":""} 
29.12.2023, 17:22:27 - INFO - server.js loaded... 
29.12.2023, 17:22:27 - INFO - Server is running on port: 3030 
29.12.2023, 17:22:29 - INFO - Req was made | / 
29.12.2023, 17:22:29 - DEBUG - Getting toys | {"txt":"","inStock":""} 
29.12.2023, 17:22:35 - INFO - Req was made | / 
29.12.2023, 17:22:35 - DEBUG - Getting toys | {"txt":"","inStock":""} 
29.12.2023, 17:22:41 - INFO - Req was made | / 
29.12.2023, 17:22:41 - DEBUG - Getting toys | {"txt":"","inStock":""} 
29.12.2023, 17:23:03 - INFO - server.js loaded... 
29.12.2023, 17:23:03 - INFO - Server is running on port: 3030 
29.12.2023, 17:23:05 - INFO - Req was made | / 
29.12.2023, 17:23:05 - DEBUG - Getting toys | {"txt":"","inStock":""} 
29.12.2023, 17:23:40 - INFO - Req was made | / 
29.12.2023, 17:23:40 - DEBUG - Getting toys | {"txt":"","inStock":""} 
29.12.2023, 17:23:44 - INFO - Req was made | / 
29.12.2023, 17:23:44 - DEBUG - Getting toys | {"txt":"","inStock":""} 
29.12.2023, 17:23:50 - INFO - Req was made | / 
29.12.2023, 17:23:50 - DEBUG - Getting toys | {"txt":"","inStock":""} 
29.12.2023, 17:23:58 - INFO - Req was made | / 
29.12.2023, 17:23:58 - DEBUG - Getting toys | {"txt":"","inStock":""} 
29.12.2023, 17:24:43 - INFO - server.js loaded... 
29.12.2023, 17:24:43 - INFO - Server is running on port: 3030 
29.12.2023, 17:24:46 - DEBUG - Getting toys | {"txt":"","inStock":""} 
29.12.2023, 17:24:46 - INFO - Req was made | / 
29.12.2023, 17:24:48 - INFO - Req was made | / 
29.12.2023, 17:24:48 - DEBUG - Getting toys | {"txt":"","inStock":""} 
29.12.2023, 17:26:30 - INFO - server.js loaded... 
29.12.2023, 17:26:30 - INFO - Server is running on port: 3030 
29.12.2023, 17:26:34 - INFO - Req was made | / 
29.12.2023, 17:26:34 - DEBUG - Getting toys | {"txt":"","inStock":""} 
29.12.2023, 17:26:36 - INFO - Req was made | / 
29.12.2023, 17:26:36 - DEBUG - Getting toys | {"txt":"","inStock":""} 
29.12.2023, 17:26:48 - INFO - server.js loaded... 
29.12.2023, 17:26:48 - INFO - Server is running on port: 3030 
29.12.2023, 17:26:50 - INFO - Req was made | / 
29.12.2023, 17:26:50 - DEBUG - Getting toys | {"txt":"","inStock":""} 
29.12.2023, 17:26:54 - INFO - Req was made | / 
29.12.2023, 17:26:54 - DEBUG - Getting toys | {"txt":"","inStock":""} 
29.12.2023, 17:27:04 - INFO - server.js loaded... 
29.12.2023, 17:27:04 - INFO - Server is running on port: 3030 
29.12.2023, 17:27:04 - DEBUG - Getting toys | {"txt":"","inStock":false} 
29.12.2023, 17:27:04 - INFO - Req was made | / 
29.12.2023, 17:27:33 - INFO - server.js loaded... 
29.12.2023, 17:27:33 - INFO - Server is running on port: 3030 
29.12.2023, 17:28:16 - INFO - server.js loaded... 
29.12.2023, 17:28:16 - INFO - Server is running on port: 3030 
29.12.2023, 17:28:20 - INFO - Req was made | / 
29.12.2023, 17:28:20 - DEBUG - Getting toys | {"txt":"","inStock":""} 
29.12.2023, 17:28:23 - INFO - Req was made | / 
29.12.2023, 17:28:23 - DEBUG - Getting toys | {"txt":"","inStock":""} 
29.12.2023, 17:28:25 - INFO - Req was made | / 
29.12.2023, 17:28:25 - DEBUG - Getting toys | {"txt":"","inStock":""} 
29.12.2023, 18:12:39 - INFO - Req was made | / 
29.12.2023, 18:12:39 - DEBUG - Getting toys | {"txt":"","inStock":""} 
29.12.2023, 18:12:57 - INFO - Req was made | / 
29.12.2023, 18:12:57 - DEBUG - Getting toys | {"txt":"","inStock":""} 
29.12.2023, 18:13:35 - INFO - server.js loaded... 
29.12.2023, 18:13:35 - INFO - Server is running on port: 3030 
29.12.2023, 18:13:36 - INFO - Req was made | / 
29.12.2023, 18:13:37 - DEBUG - Getting toys | {"txt":"","inStock":""} 
29.12.2023, 18:13:46 - INFO - Req was made | / 
29.12.2023, 18:13:47 - DEBUG - Getting toys | {"txt":"","inStock":""} 
29.12.2023, 18:14:08 - INFO - server.js loaded... 
29.12.2023, 18:14:08 - INFO - Server is running on port: 3030 
29.12.2023, 18:14:23 - INFO - server.js loaded... 
29.12.2023, 18:14:23 - INFO - Server is running on port: 3030 
29.12.2023, 18:14:26 - INFO - Req was made | / 
29.12.2023, 18:14:26 - ERROR - Failed to get toys | TypeError: Converting circular structure to JSON
    --> starting at object with constructor 'Socket'
    |     property 'parser' -> object with constructor 'HTTPParser'
    --- property 'socket' closes the circle 
29.12.2023, 18:14:26 - DEBUG - Getting toys | {"txt":"","inStock":""} 
29.12.2023, 18:14:37 - INFO - server.js loaded... 
29.12.2023, 18:14:37 - INFO - Server is running on port: 3030 
29.12.2023, 18:14:38 - INFO - Req was made | / 
29.12.2023, 18:14:38 - DEBUG - Getting toys | {"txt":"","inStock":""} 
29.12.2023, 18:14:40 - INFO - Req was made | / 
29.12.2023, 18:14:40 - DEBUG - Getting toys | {"txt":"","inStock":""} 
29.12.2023, 18:17:19 - INFO - Req was made | / 
29.12.2023, 18:17:19 - DEBUG - Getting toys | {"txt":"","inStock":""} 
29.12.2023, 18:17:20 - INFO - Req was made | / 
29.12.2023, 18:17:20 - DEBUG - Getting toys | {"txt":"","inStock":""} 
29.12.2023, 18:17:33 - INFO - Req was made | / 
29.12.2023, 18:17:33 - DEBUG - Getting toys | {"txt":"","inStock":""} 
29.12.2023, 18:17:39 - INFO - Req was made | / 
29.12.2023, 18:17:39 - DEBUG - Getting toys | {"txt":"","inStock":""} 
29.12.2023, 18:19:35 - INFO - Server is running on port: 3030 
29.12.2023, 18:19:35 - INFO - server.js loaded... 
29.12.2023, 18:22:36 - INFO - Req was made | / 
29.12.2023, 18:22:36 - DEBUG - Getting toys | {"txt":""} 
29.12.2023, 18:23:52 - INFO - Req was made | / 
29.12.2023, 18:23:52 - DEBUG - Getting toys | {"txt":""} 
29.12.2023, 18:23:54 - INFO - Req was made | / 
29.12.2023, 18:23:54 - DEBUG - Getting toys | {"txt":""} 
29.12.2023, 18:23:55 - INFO - Req was made | / 
29.12.2023, 18:23:55 - DEBUG - Getting toys | {"txt":""} 
29.12.2023, 18:23:58 - INFO - Req was made | / 
29.12.2023, 18:23:58 - DEBUG - Getting toys | {"txt":""} 
29.12.2023, 18:24:01 - INFO - Req was made | / 
29.12.2023, 18:24:01 - DEBUG - Getting toys | {"txt":""} 
29.12.2023, 18:24:04 - INFO - Req was made | / 
29.12.2023, 18:24:04 - DEBUG - Getting toys | {"txt":""} 
29.12.2023, 18:24:06 - INFO - Req was made | / 
29.12.2023, 18:24:06 - DEBUG - Getting toys | {"txt":""} 
29.12.2023, 18:24:17 - INFO - Req was made | / 
29.12.2023, 18:24:17 - DEBUG - Getting toys | {"txt":""} 
29.12.2023, 18:24:30 - INFO - server.js loaded... 
29.12.2023, 18:24:30 - INFO - Server is running on port: 3030 
29.12.2023, 18:24:32 - INFO - Req was made | / 
29.12.2023, 18:24:32 - DEBUG - Getting toys | {"txt":""} 
29.12.2023, 18:25:04 - INFO - Req was made | / 
29.12.2023, 18:25:04 - DEBUG - Getting toys | {"txt":""} 
29.12.2023, 18:25:18 - INFO - Req was made | / 
29.12.2023, 18:25:18 - DEBUG - Getting toys | {"txt":""} 
29.12.2023, 18:25:19 - INFO - Req was made | / 
29.12.2023, 18:25:19 - DEBUG - Getting toys | {"txt":""} 
29.12.2023, 18:25:25 - INFO - server.js loaded... 
29.12.2023, 18:25:25 - INFO - Server is running on port: 3030 
29.12.2023, 18:25:26 - INFO - Req was made | / 
29.12.2023, 18:25:26 - DEBUG - Getting toys | {"txt":""} 
29.12.2023, 18:25:58 - INFO - server.js loaded... 
29.12.2023, 18:25:58 - INFO - Server is running on port: 3030 
29.12.2023, 18:26:01 - INFO - Req was made | / 
29.12.2023, 18:26:01 - DEBUG - Getting toys | {"txt":""} 
29.12.2023, 18:26:02 - INFO - Req was made | / 
29.12.2023, 18:26:02 - DEBUG - Getting toys | {"txt":""} 
29.12.2023, 18:27:08 - INFO - server.js loaded... 
29.12.2023, 18:27:08 - INFO - Server is running on port: 3030 
29.12.2023, 18:27:10 - INFO - Req was made | / 
29.12.2023, 18:27:10 - DEBUG - Getting toys | {"txt":""} 
29.12.2023, 18:27:11 - INFO - Req was made | / 
29.12.2023, 18:27:11 - DEBUG - Getting toys | {"txt":""} 
29.12.2023, 18:27:12 - INFO - Req was made | / 
29.12.2023, 18:27:12 - DEBUG - Getting toys | {"txt":""} 
29.12.2023, 18:27:50 - INFO - server.js loaded... 
29.12.2023, 18:27:50 - INFO - Server is running on port: 3030 
29.12.2023, 18:27:51 - INFO - Req was made | / 
29.12.2023, 18:27:51 - DEBUG - Getting toys | {"txt":""} 
29.12.2023, 18:27:54 - INFO - Req was made | / 
29.12.2023, 18:27:54 - DEBUG - Getting toys | {"txt":""} 
29.12.2023, 18:27:56 - INFO - Req was made | / 
29.12.2023, 18:27:56 - DEBUG - Getting toys | {"txt":""} 
29.12.2023, 18:28:09 - INFO - server.js loaded... 
29.12.2023, 18:28:09 - INFO - Server is running on port: 3030 
29.12.2023, 18:28:11 - INFO - Req was made | / 
29.12.2023, 18:28:11 - DEBUG - Getting toys | {"txt":""} 
29.12.2023, 18:31:40 - INFO - server.js loaded... 
29.12.2023, 18:31:40 - INFO - Server is running on port: 3030 
29.12.2023, 18:31:41 - INFO - Req was made | / 
29.12.2023, 18:31:41 - DEBUG - Getting toys | {"txt":"","inStock":true} 
29.12.2023, 18:31:50 - INFO - server.js loaded... 
29.12.2023, 18:31:50 - INFO - Server is running on port: 3030 
29.12.2023, 18:31:50 - INFO - Req was made | / 
29.12.2023, 18:31:50 - DEBUG - Getting toys | {"txt":"","inStock":false} 
29.12.2023, 18:32:01 - INFO - server.js loaded... 
29.12.2023, 18:32:01 - INFO - Server is running on port: 3030 
29.12.2023, 18:32:02 - INFO - Req was made | / 
29.12.2023, 18:32:02 - DEBUG - Getting toys | {"txt":"","inStock":""} 
29.12.2023, 18:32:11 - INFO - Req was made | / 
29.12.2023, 18:32:11 - DEBUG - Getting toys | {"txt":"","inStock":""} 
29.12.2023, 18:32:14 - INFO - Req was made | / 
29.12.2023, 18:32:14 - DEBUG - Getting toys | {"txt":"","inStock":""} 
29.12.2023, 18:32:17 - INFO - Req was made | / 
29.12.2023, 18:32:17 - DEBUG - Getting toys | {"txt":"","inStock":""} 
29.12.2023, 18:32:38 - INFO - server.js loaded... 
29.12.2023, 18:32:38 - INFO - Server is running on port: 3030 
29.12.2023, 18:32:40 - INFO - Req was made | / 
29.12.2023, 18:32:40 - DEBUG - Getting toys | {"txt":"","inStock":true} 
29.12.2023, 18:32:45 - INFO - server.js loaded... 
29.12.2023, 18:32:45 - INFO - Server is running on port: 3030 
29.12.2023, 18:32:46 - INFO - Req was made | / 
29.12.2023, 18:32:46 - DEBUG - Getting toys | {"txt":"","inStock":false} 
29.12.2023, 18:32:52 - INFO - server.js loaded... 
29.12.2023, 18:32:52 - INFO - Server is running on port: 3030 
29.12.2023, 18:32:53 - INFO - Req was made | / 
29.12.2023, 18:32:53 - DEBUG - Getting toys | {"txt":"","inStock":true} 
29.12.2023, 18:33:03 - INFO - server.js loaded... 
29.12.2023, 18:33:03 - INFO - Server is running on port: 3030 
29.12.2023, 18:33:04 - INFO - Req was made | / 
29.12.2023, 18:33:04 - DEBUG - Getting toys | {"txt":"","inStock":""} 
29.12.2023, 18:33:39 - INFO - Req was made | / 
29.12.2023, 18:33:39 - DEBUG - Getting toys | {"txt":"","inStock":""} 
29.12.2023, 18:33:41 - INFO - Req was made | / 
29.12.2023, 18:33:41 - DEBUG - Getting toys | {"txt":"","inStock":""} 
29.12.2023, 18:33:43 - INFO - Req was made | / 
29.12.2023, 18:33:43 - DEBUG - Getting toys | {"txt":"","inStock":""} 
29.12.2023, 18:33:51 - INFO - Req was made | / 
29.12.2023, 18:33:51 - DEBUG - Getting toys | {"txt":"","inStock":""} 
29.12.2023, 18:34:10 - INFO - server.js loaded... 
29.12.2023, 18:34:10 - INFO - Server is running on port: 3030 
29.12.2023, 18:34:11 - INFO - Req was made | / 
29.12.2023, 18:34:11 - DEBUG - Getting toys | {"txt":"","inStock":"false"} 
29.12.2023, 18:34:19 - INFO - server.js loaded... 
29.12.2023, 18:34:19 - INFO - Server is running on port: 3030 
29.12.2023, 18:34:20 - INFO - Req was made | / 
29.12.2023, 18:34:20 - DEBUG - Getting toys | {"txt":"","inStock":"true"} 
29.12.2023, 18:34:24 - INFO - server.js loaded... 
29.12.2023, 18:34:24 - INFO - Server is running on port: 3030 
29.12.2023, 18:34:25 - INFO - Req was made | / 
29.12.2023, 18:34:25 - DEBUG - Getting toys | {"txt":"","inStock":""} 
29.12.2023, 18:35:05 - INFO - Req was made | / 
29.12.2023, 18:35:05 - DEBUG - Getting toys | {"txt":"","inStock":""} 
29.12.2023, 18:35:08 - INFO - Req was made | / 
29.12.2023, 18:35:08 - DEBUG - Getting toys | {"txt":"","inStock":""} 
29.12.2023, 18:35:40 - DEBUG - Getting toys | {"txt":"","inStock":""} 
29.12.2023, 18:35:40 - INFO - Req was made | / 
29.12.2023, 18:35:42 - INFO - Req was made | / 
29.12.2023, 18:35:42 - DEBUG - Getting toys | {"txt":"","inStock":""} 
29.12.2023, 18:35:45 - DEBUG - Getting toys | {"txt":"","inStock":""} 
29.12.2023, 18:35:45 - INFO - Req was made | / 
29.12.2023, 18:35:46 - DEBUG - Getting toys | {"txt":"","inStock":""} 
29.12.2023, 18:35:46 - INFO - Req was made | / 
29.12.2023, 18:36:38 - INFO - Req was made | / 
29.12.2023, 18:36:38 - DEBUG - Getting toys | {"txt":"","inStock":""} 
29.12.2023, 18:36:51 - INFO - Req was made | / 
29.12.2023, 18:36:51 - DEBUG - Getting toys | {"txt":"","inStock":""} 
29.12.2023, 18:36:53 - INFO - Req was made | / 
29.12.2023, 18:36:53 - DEBUG - Getting toys | {"txt":"","inStock":""} 
29.12.2023, 18:36:55 - INFO - Req was made | / 
29.12.2023, 18:36:55 - DEBUG - Getting toys | {"txt":"","inStock":""} 
29.12.2023, 18:36:57 - INFO - Req was made | / 
29.12.2023, 18:36:57 - DEBUG - Getting toys | {"txt":"","inStock":""} 
29.12.2023, 18:36:59 - DEBUG - Getting toys | {"txt":"","inStock":""} 
29.12.2023, 18:36:59 - INFO - Req was made | / 
29.12.2023, 18:37:01 - INFO - Req was made | / 
29.12.2023, 18:37:01 - DEBUG - Getting toys | {"txt":"","inStock":""} 
29.12.2023, 18:37:04 - INFO - Req was made | / 
29.12.2023, 18:37:04 - DEBUG - Getting toys | {"txt":"","inStock":""} 
29.12.2023, 18:37:19 - INFO - Req was made | / 
29.12.2023, 18:37:19 - DEBUG - Getting toys | {"txt":"","inStock":""} 
29.12.2023, 18:37:27 - INFO - Req was made | / 
29.12.2023, 18:37:27 - DEBUG - Getting toys | {"txt":"","inStock":""} 
29.12.2023, 18:37:35 - INFO - Req was made | / 
29.12.2023, 18:37:35 - DEBUG - Getting toys | {"txt":"","inStock":""} 
29.12.2023, 18:37:38 - DEBUG - Getting toys | {"txt":"","inStock":""} 
29.12.2023, 18:37:38 - INFO - Req was made | / 
29.12.2023, 18:37:47 - INFO - Req was made | / 
29.12.2023, 18:37:47 - DEBUG - Getting toys | {"txt":"","inStock":""} 
29.12.2023, 18:37:53 - INFO - Req was made | / 
29.12.2023, 18:37:53 - DEBUG - Getting toys | {"txt":"","inStock":""} 
29.12.2023, 18:37:57 - INFO - Req was made | / 
29.12.2023, 18:37:57 - DEBUG - Getting toys | {"txt":"","inStock":""} 
29.12.2023, 18:37:58 - INFO - Req was made | / 
29.12.2023, 18:37:58 - DEBUG - Getting toys | {"txt":"","inStock":""} 
29.12.2023, 18:39:23 - INFO - Req was made | / 
29.12.2023, 18:39:23 - DEBUG - Getting toys | {"txt":"","inStock":""} 
29.12.2023, 18:39:27 - INFO - Req was made | / 
29.12.2023, 18:39:27 - DEBUG - Getting toys | {"txt":"","inStock":""} 
29.12.2023, 18:39:33 - INFO - Req was made | / 
29.12.2023, 18:39:33 - DEBUG - Getting toys | {"txt":"","inStock":""} 
29.12.2023, 18:39:35 - INFO - Req was made | / 
29.12.2023, 18:39:35 - DEBUG - Getting toys | {"txt":"","inStock":""} 
29.12.2023, 18:39:40 - DEBUG - Getting toys | {"txt":"","inStock":""} 
29.12.2023, 18:39:40 - INFO - Req was made | / 
29.12.2023, 18:39:50 - INFO - Req was made | / 
29.12.2023, 18:39:50 - DEBUG - Getting toys | {"txt":"","inStock":""} 
29.12.2023, 18:39:51 - INFO - Req was made | / 
29.12.2023, 18:39:51 - DEBUG - Getting toys | {"txt":"","inStock":""} 
29.12.2023, 18:39:53 - INFO - Req was made | / 
29.12.2023, 18:39:53 - DEBUG - Getting toys | {"txt":"","inStock":""} 
29.12.2023, 18:39:54 - INFO - Req was made | / 
29.12.2023, 18:39:54 - DEBUG - Getting toys | {"txt":"","inStock":""} 
29.12.2023, 18:40:57 - INFO - Req was made | / 
29.12.2023, 18:40:57 - DEBUG - Getting toys | {"txt":"","inStock":""} 
29.12.2023, 18:41:20 - ERROR - while finding toy 658eceb2cb5ca1cd951900d8" | BSONError: input must be a 24 character hex string, 12 byte Uint8Array, or an integer 
29.12.2023, 18:41:20 - ERROR - Failed to get toy | BSONError: input must be a 24 character hex string, 12 byte Uint8Array, or an integer 
29.12.2023, 18:41:55 - ERROR - while finding toy "658eceb2cb5ca1cd951900d8" | BSONError: input must be a 24 character hex string, 12 byte Uint8Array, or an integer 
29.12.2023, 18:41:55 - ERROR - Failed to get toy | BSONError: input must be a 24 character hex string, 12 byte Uint8Array, or an integer 
29.12.2023, 18:42:32 - INFO - Req was made | / 
29.12.2023, 18:42:32 - DEBUG - Getting toys | {"txt":"","inStock":""} 
29.12.2023, 18:42:58 - ERROR - while finding toy "658eceb2cb5ca1cd951900d8" | BSONError: input must be a 24 character hex string, 12 byte Uint8Array, or an integer 
29.12.2023, 18:42:58 - ERROR - Failed to get toy | BSONError: input must be a 24 character hex string, 12 byte Uint8Array, or an integer 
29.12.2023, 18:45:26 - ERROR - while finding toy :id | BSONError: input must be a 24 character hex string, 12 byte Uint8Array, or an integer 
29.12.2023, 18:45:26 - ERROR - Failed to get toy | BSONError: input must be a 24 character hex string, 12 byte Uint8Array, or an integer 
29.12.2023, 18:46:34 - ERROR - while finding toy :id | BSONError: input must be a 24 character hex string, 12 byte Uint8Array, or an integer 
29.12.2023, 18:46:34 - ERROR - Failed to get toy | BSONError: input must be a 24 character hex string, 12 byte Uint8Array, or an integer 
29.12.2023, 18:51:19 - ERROR - Failed to get toy | BSONError: input must be a 24 character hex string, 12 byte Uint8Array, or an integer 
29.12.2023, 18:51:19 - ERROR - while finding toy "658eceb2cb5ca1cd951900d8" | BSONError: input must be a 24 character hex string, 12 byte Uint8Array, or an integer 
29.12.2023, 18:52:26 - INFO - Req was made | / 
29.12.2023, 18:52:26 - DEBUG - Getting toys | {"txt":"","inStock":""} 
29.12.2023, 18:52:43 - INFO - server.js loaded... 
29.12.2023, 18:52:43 - INFO - Server is running on port: 3030 
29.12.2023, 18:52:47 - DEBUG - Getting toys | {"txt":"","inStock":""} 
29.12.2023, 18:52:47 - INFO - Req was made | / 
29.12.2023, 18:55:08 - INFO - server.js loaded... 
29.12.2023, 18:55:08 - INFO - Server is running on port: 3030 
29.12.2023, 18:55:51 - INFO - Req was made | / 
29.12.2023, 18:55:51 - DEBUG - Getting toys | {"txt":"","inStock":""} 
29.12.2023, 18:56:06 - INFO - Req was made | / 
29.12.2023, 18:56:06 - DEBUG - Getting toys | {"txt":"","inStock":""} 
29.12.2023, 18:56:07 - DEBUG - Getting toys | {"txt":"","inStock":""} 
29.12.2023, 18:56:07 - INFO - Req was made | / 
29.12.2023, 18:57:33 - INFO - server.js loaded... 
29.12.2023, 18:57:33 - INFO - Server is running on port: 3030 
29.12.2023, 19:03:21 - INFO - Req was made | / 
29.12.2023, 19:03:21 - DEBUG - Getting toys | {"txt":"","inStock":""} 
29.12.2023, 19:03:22 - INFO - Req was made | / 
29.12.2023, 19:03:22 - DEBUG - Getting toys | {"txt":"","inStock":""} 
29.12.2023, 19:03:26 - INFO - Req was made | / 
29.12.2023, 19:03:26 - DEBUG - Getting toys | {"txt":"","inStock":""} 
29.12.2023, 19:04:31 - INFO - Req was made | / 
29.12.2023, 19:04:31 - DEBUG - Getting toys | {"txt":"","inStock":""} 
29.12.2023, 19:04:43 - INFO - Req was made | / 
29.12.2023, 19:04:43 - DEBUG - Getting toys | {"txt":"","inStock":""} 
29.12.2023, 19:04:54 - INFO - server.js loaded... 
29.12.2023, 19:04:54 - INFO - Server is running on port: 3030 
29.12.2023, 19:04:56 - INFO - Req was made | / 
29.12.2023, 19:04:56 - DEBUG - Getting toys | {"txt":"","inStock":""} 
29.12.2023, 19:05:01 - INFO - Req was made | / 
29.12.2023, 19:05:01 - DEBUG - Getting toys | {"txt":"","inStock":""} 
29.12.2023, 19:05:05 - INFO - Req was made | / 
29.12.2023, 19:05:05 - DEBUG - Getting toys | {"txt":"","inStock":""} 
29.12.2023, 19:05:06 - INFO - Req was made | / 
29.12.2023, 19:05:06 - DEBUG - Getting toys | {"txt":"","inStock":""} 
29.12.2023, 19:05:11 - DEBUG - Getting toys | {"txt":"","inStock":""} 
29.12.2023, 19:05:11 - INFO - Req was made | / 
29.12.2023, 19:08:59 - INFO - Server is running on port: 3030 
29.12.2023, 19:08:59 - INFO - server.js loaded... 
30.12.2023, 18:58:26 - INFO - Req was made | / 
30.12.2023, 18:58:26 - DEBUG - Getting toys | {"txt":"","inStock":""} 
30.12.2023, 18:58:30 - INFO - Req was made | / 
30.12.2023, 18:58:30 - DEBUG - Getting toys | {"txt":"","inStock":""} 
30.12.2023, 18:58:32 - INFO - Req was made | / 
30.12.2023, 18:58:32 - DEBUG - Getting toys | {"txt":"","inStock":""} 
30.12.2023, 18:58:34 - INFO - Req was made | / 
30.12.2023, 18:58:34 - DEBUG - Getting toys | {"txt":"","inStock":""} 
30.12.2023, 18:58:36 - INFO - Req was made | / 
30.12.2023, 18:58:36 - DEBUG - Getting toys | {"txt":"","inStock":""} 
30.12.2023, 19:13:58 - INFO - Req was made | / 
30.12.2023, 19:13:58 - DEBUG - Getting toys | {"txt":"","inStock":""} 
30.12.2023, 19:14:09 - INFO - Req was made | / 
30.12.2023, 19:14:09 - DEBUG - Getting toys | {"txt":"","inStock":""} 
30.12.2023, 19:14:10 - INFO - Req was made | / 
30.12.2023, 19:14:10 - DEBUG - Getting toys | {"txt":"","inStock":""} 
30.12.2023, 19:14:12 - DEBUG - Getting toys | {"txt":"","inStock":""} 
30.12.2023, 19:14:12 - INFO - Req was made | / 
30.12.2023, 19:14:12 - INFO - Req was made | / 
30.12.2023, 19:14:12 - DEBUG - Getting toys | {"txt":"","inStock":""} 
30.12.2023, 19:14:14 - INFO - Req was made | / 
30.12.2023, 19:14:14 - DEBUG - Getting toys | {"txt":"","inStock":""} 
30.12.2023, 19:15:39 - INFO - Req was made | / 
30.12.2023, 19:15:39 - DEBUG - Getting toys | {"txt":"","inStock":""} 
30.12.2023, 19:15:42 - INFO - Req was made | / 
30.12.2023, 19:15:42 - DEBUG - Getting toys | {"txt":"","inStock":""} 
30.12.2023, 19:15:47 - INFO - Req was made | / 
30.12.2023, 19:15:47 - DEBUG - Getting toys | {"txt":"","inStock":""} 
30.12.2023, 19:15:50 - INFO - Req was made | / 
30.12.2023, 19:15:50 - DEBUG - Getting toys | {"txt":"","inStock":""} 
30.12.2023, 19:15:52 - INFO - Req was made | / 
30.12.2023, 19:15:52 - DEBUG - Getting toys | {"txt":"","inStock":""} 
30.12.2023, 19:15:55 - INFO - Req was made | / 
30.12.2023, 19:15:55 - DEBUG - Getting toys | {"txt":"","inStock":""} 
30.12.2023, 19:15:57 - INFO - Req was made | / 
30.12.2023, 19:15:57 - DEBUG - Getting toys | {"txt":"","inStock":""} 
30.12.2023, 19:16:40 - INFO - server.js loaded... 
30.12.2023, 19:16:40 - INFO - Server is running on port: 3030 
30.12.2023, 19:16:41 - INFO - Req was made | / 
30.12.2023, 19:16:41 - DEBUG - Getting toys | {"txt":"","inStock":"false"} 
30.12.2023, 19:17:11 - INFO - Req was made | / 
30.12.2023, 19:17:11 - DEBUG - Getting toys | {"txt":"","inStock":"false"} 
30.12.2023, 19:17:17 - INFO - server.js loaded... 
30.12.2023, 19:17:17 - INFO - Server is running on port: 3030 
30.12.2023, 19:17:19 - INFO - Req was made | / 
30.12.2023, 19:17:19 - DEBUG - Getting toys | {"txt":"","inStock":false} 
30.12.2023, 19:17:24 - INFO - Req was made | / 
30.12.2023, 19:17:24 - DEBUG - Getting toys | {"txt":"","inStock":false} 
30.12.2023, 19:17:30 - INFO - server.js loaded... 
30.12.2023, 19:17:30 - INFO - Server is running on port: 3030 
30.12.2023, 19:17:33 - INFO - Req was made | / 
30.12.2023, 19:17:33 - DEBUG - Getting toys | {"txt":""} 
30.12.2023, 19:17:36 - INFO - Req was made | / 
30.12.2023, 19:17:36 - DEBUG - Getting toys | {"txt":""} 
30.12.2023, 19:17:38 - INFO - Req was made | / 
30.12.2023, 19:17:38 - DEBUG - Getting toys | {"txt":""} 
30.12.2023, 19:17:41 - INFO - Req was made | / 
30.12.2023, 19:17:41 - DEBUG - Getting toys | {"txt":""} 
30.12.2023, 19:17:44 - INFO - Req was made | / 
30.12.2023, 19:17:44 - DEBUG - Getting toys | {"txt":""} 
30.12.2023, 19:18:09 - INFO - Req was made | / 
30.12.2023, 19:18:09 - DEBUG - Getting toys | {"txt":""} 
30.12.2023, 19:18:25 - INFO - Req was made | / 
30.12.2023, 19:18:25 - DEBUG - Getting toys | {"txt":""} 
30.12.2023, 19:18:32 - INFO - Req was made | / 
30.12.2023, 19:18:32 - DEBUG - Getting toys | {"txt":""} 
30.12.2023, 19:21:21 - INFO - Req was made | / 
30.12.2023, 19:21:21 - DEBUG - Getting toys | {"txt":""} 
30.12.2023, 19:21:54 - INFO - Req was made | / 
30.12.2023, 19:21:54 - DEBUG - Getting toys | {"txt":""} 
30.12.2023, 19:21:57 - INFO - Req was made | / 
30.12.2023, 19:21:57 - DEBUG - Getting toys | {"txt":""} 
30.12.2023, 19:21:58 - INFO - Req was made | / 
30.12.2023, 19:21:58 - DEBUG - Getting toys | {"txt":""} 
30.12.2023, 19:21:59 - INFO - Req was made | / 
30.12.2023, 19:21:59 - DEBUG - Getting toys | {"txt":""} 
30.12.2023, 19:22:00 - INFO - Req was made | / 
30.12.2023, 19:22:00 - DEBUG - Getting toys | {"txt":""} 
30.12.2023, 19:22:00 - INFO - Req was made | / 
30.12.2023, 19:22:00 - DEBUG - Getting toys | {"txt":""} 
30.12.2023, 19:22:04 - DEBUG - Getting toys | {"txt":""} 
30.12.2023, 19:22:04 - INFO - Req was made | / 
30.12.2023, 19:22:06 - INFO - Req was made | / 
30.12.2023, 19:22:06 - DEBUG - Getting toys | {"txt":""} 
30.12.2023, 19:22:06 - INFO - Req was made | / 
30.12.2023, 19:22:06 - DEBUG - Getting toys | {"txt":""} 
30.12.2023, 19:22:07 - INFO - Req was made | / 
30.12.2023, 19:22:07 - DEBUG - Getting toys | {"txt":""} 
30.12.2023, 19:22:07 - DEBUG - Getting toys | {"txt":""} 
30.12.2023, 19:22:07 - INFO - Req was made | / 
30.12.2023, 19:22:08 - INFO - Req was made | / 
30.12.2023, 19:22:08 - DEBUG - Getting toys | {"txt":""} 
30.12.2023, 19:24:08 - INFO - server.js loaded... 
30.12.2023, 19:24:08 - INFO - Server is running on port: 3030 
30.12.2023, 19:24:13 - INFO - Req was made | / 
30.12.2023, 19:24:13 - DEBUG - Getting toys | {"txt":""} 
30.12.2023, 19:24:51 - INFO - server.js loaded... 
30.12.2023, 19:24:51 - INFO - Server is running on port: 3030 
30.12.2023, 19:24:54 - INFO - Req was made | / 
30.12.2023, 19:24:54 - DEBUG - Getting toys | {"txt":""} 
30.12.2023, 19:24:55 - INFO - Req was made | / 
30.12.2023, 19:24:55 - DEBUG - Getting toys | {"txt":""} 
30.12.2023, 19:24:57 - INFO - Req was made | / 
30.12.2023, 19:24:57 - DEBUG - Getting toys | {"txt":""} 
30.12.2023, 19:25:01 - INFO - server.js loaded... 
30.12.2023, 19:25:01 - INFO - Server is running on port: 3030 
30.12.2023, 19:25:04 - INFO - server.js loaded... 
30.12.2023, 19:25:04 - INFO - Server is running on port: 3030 
30.12.2023, 19:26:46 - INFO - server.js loaded... 
30.12.2023, 19:26:46 - INFO - Server is running on port: 3030 
30.12.2023, 19:27:05 - INFO - server.js loaded... 
30.12.2023, 19:27:05 - INFO - Server is running on port: 3030 
30.12.2023, 19:27:34 - INFO - Req was made | / 
30.12.2023, 19:27:34 - DEBUG - Getting toys | {"txt":""} 
30.12.2023, 19:27:34 - DEBUG - Query criteria: | {"name":{"$regex":"","$options":"i"}} 
30.12.2023, 19:27:34 - DEBUG - Toys found: | 12 
30.12.2023, 19:44:46 - INFO - Req was made | / 
30.12.2023, 19:44:46 - DEBUG - Getting toys | {"txt":""} 
30.12.2023, 19:44:46 - DEBUG - Query criteria: | {"name":{"$regex":"","$options":"i"}} 
30.12.2023, 19:44:46 - DEBUG - Toys found: | 12 
30.12.2023, 19:44:48 - INFO - Req was made | / 
30.12.2023, 19:44:48 - DEBUG - Getting toys | {"txt":""} 
30.12.2023, 19:44:48 - DEBUG - Query criteria: | {"name":{"$regex":"","$options":"i"}} 
30.12.2023, 19:44:48 - DEBUG - Toys found: | 12 
30.12.2023, 19:44:49 - INFO - Req was made | / 
30.12.2023, 19:44:49 - DEBUG - Getting toys | {"txt":""} 
30.12.2023, 19:44:49 - DEBUG - Query criteria: | {"name":{"$regex":"","$options":"i"}} 
30.12.2023, 19:44:49 - DEBUG - Toys found: | 12 
30.12.2023, 19:44:52 - INFO - Req was made | / 
30.12.2023, 19:44:52 - DEBUG - Getting toys | {"txt":""} 
30.12.2023, 19:44:52 - DEBUG - Query criteria: | {"name":{"$regex":"","$options":"i"}} 
30.12.2023, 19:44:52 - DEBUG - Toys found: | 12 
30.12.2023, 19:45:27 - INFO - server.js loaded... 
30.12.2023, 19:45:27 - INFO - Server is running on port: 3030 
30.12.2023, 19:45:35 - INFO - Req was made | / 
30.12.2023, 19:45:35 - DEBUG - Getting toys | {"txt":""} 
30.12.2023, 19:46:58 - INFO - server.js loaded... 
30.12.2023, 19:46:58 - INFO - Server is running on port: 3030 
30.12.2023, 19:47:23 - INFO - server.js loaded... 
30.12.2023, 19:47:23 - INFO - Server is running on port: 3030 
30.12.2023, 19:47:25 - INFO - Req was made | / 
30.12.2023, 19:47:25 - DEBUG - Getting toys | {"txt":""} 
30.12.2023, 19:47:47 - INFO - server.js loaded... 
30.12.2023, 19:47:47 - INFO - Server is running on port: 3030 
30.12.2023, 19:47:49 - INFO - Req was made | / 
30.12.2023, 19:47:49 - DEBUG -  
30.12.2023, 19:47:49 - DEBUG - Getting toys | {"txt":""} 
30.12.2023, 19:48:14 - INFO - server.js loaded... 
30.12.2023, 19:48:14 - INFO - Server is running on port: 3030 
30.12.2023, 19:48:37 - INFO - server.js loaded... 
30.12.2023, 19:48:37 - INFO - Server is running on port: 3030 
30.12.2023, 19:48:39 - INFO - Req was made | / 
30.12.2023, 19:48:39 - DEBUG - Getting toys | {"name":""} 
30.12.2023, 19:48:39 - DEBUG -  
30.12.2023, 19:48:40 - ERROR - cannot find toys | MongoServerError: $regex has to be a string 
30.12.2023, 19:48:40 - ERROR - Failed to get toys | MongoServerError: $regex has to be a string 
30.12.2023, 19:48:41 - INFO - Req was made | / 
30.12.2023, 19:48:41 - DEBUG -  
30.12.2023, 19:48:41 - DEBUG - Getting toys | {"name":""} 
30.12.2023, 19:48:41 - ERROR - cannot find toys | MongoServerError: $regex has to be a string 
30.12.2023, 19:48:41 - ERROR - Failed to get toys | MongoServerError: $regex has to be a string 
30.12.2023, 19:48:42 - INFO - Req was made | / 
30.12.2023, 19:48:42 - DEBUG - Getting toys | {"name":""} 
30.12.2023, 19:48:42 - DEBUG -  
30.12.2023, 19:48:42 - ERROR - cannot find toys | MongoServerError: $regex has to be a string 
30.12.2023, 19:48:42 - ERROR - Failed to get toys | MongoServerError: $regex has to be a string 
30.12.2023, 19:48:43 - INFO - Req was made | / 
30.12.2023, 19:48:43 - DEBUG -  
30.12.2023, 19:48:43 - DEBUG - Getting toys | {"name":""} 
30.12.2023, 19:48:43 - ERROR - cannot find toys | MongoServerError: $regex has to be a string 
30.12.2023, 19:48:43 - ERROR - Failed to get toys | MongoServerError: $regex has to be a string 
30.12.2023, 19:48:47 - INFO - Req was made | / 
30.12.2023, 19:48:47 - DEBUG -  
30.12.2023, 19:48:47 - DEBUG - Getting toys | {"name":""} 
30.12.2023, 19:48:47 - ERROR - cannot find toys | MongoServerError: $regex has to be a string 
30.12.2023, 19:48:47 - ERROR - Failed to get toys | MongoServerError: $regex has to be a string 
30.12.2023, 19:48:48 - INFO - Req was made | / 
30.12.2023, 19:48:48 - DEBUG -  
30.12.2023, 19:48:48 - DEBUG - Getting toys | {"name":""} 
30.12.2023, 19:48:48 - ERROR - cannot find toys | MongoServerError: $regex has to be a string 
30.12.2023, 19:48:48 - ERROR - Failed to get toys | MongoServerError: $regex has to be a string 
30.12.2023, 19:48:48 - INFO - Req was made | / 
30.12.2023, 19:48:48 - DEBUG -  
30.12.2023, 19:48:48 - DEBUG - Getting toys | {"name":""} 
30.12.2023, 19:48:48 - ERROR - cannot find toys | MongoServerError: $regex has to be a string 
30.12.2023, 19:48:48 - ERROR - Failed to get toys | MongoServerError: $regex has to be a string 
30.12.2023, 19:48:50 - INFO - Req was made | / 
30.12.2023, 19:48:50 - DEBUG -  
30.12.2023, 19:48:50 - DEBUG - Getting toys | {"name":""} 
30.12.2023, 19:48:50 - ERROR - cannot find toys | MongoServerError: $regex has to be a string 
30.12.2023, 19:48:50 - ERROR - Failed to get toys | MongoServerError: $regex has to be a string 
30.12.2023, 19:49:24 - INFO - server.js loaded... 
30.12.2023, 19:49:24 - INFO - Server is running on port: 3030 
30.12.2023, 19:49:26 - INFO - Req was made | / 
30.12.2023, 19:49:26 - DEBUG - Getting toys | {"txt":""} 
30.12.2023, 19:49:26 - DEBUG -  
30.12.2023, 19:49:28 - INFO - Req was made | / 
30.12.2023, 19:49:28 - DEBUG -  
30.12.2023, 19:49:28 - DEBUG - Getting toys | {"txt":""} 
30.12.2023, 19:49:30 - INFO - Req was made | / 
30.12.2023, 19:49:30 - DEBUG -  
30.12.2023, 19:49:30 - DEBUG - Getting toys | {"txt":""} 
30.12.2023, 19:49:31 - INFO - Req was made | / 
30.12.2023, 19:49:31 - DEBUG -  
30.12.2023, 19:49:31 - DEBUG - Getting toys | {"txt":""} 
30.12.2023, 19:49:32 - DEBUG -  
30.12.2023, 19:49:32 - INFO - Req was made | / 
30.12.2023, 19:49:32 - DEBUG - Getting toys | {"txt":""} 
30.12.2023, 19:49:40 - INFO - server.js loaded... 
30.12.2023, 19:49:40 - INFO - Server is running on port: 3030 
30.12.2023, 19:49:42 - INFO - Req was made | / 
30.12.2023, 19:49:42 - DEBUG - Getting toys | {"txt":""} 
30.12.2023, 19:50:17 - INFO - server.js loaded... 
30.12.2023, 19:50:17 - INFO - Server is running on port: 3030 
30.12.2023, 19:50:42 - INFO - server.js loaded... 
30.12.2023, 19:50:42 - INFO - Server is running on port: 3030 
30.12.2023, 19:51:36 - INFO - server.js loaded... 
30.12.2023, 19:51:36 - INFO - Server is running on port: 3030 
30.12.2023, 19:51:39 - INFO - Req was made | / 
30.12.2023, 19:51:39 - DEBUG - Getting toys | {"txt":""} 
30.12.2023, 19:51:42 - INFO - Req was made | / 
30.12.2023, 19:51:42 - DEBUG - Getting toys | {"txt":""} 
30.12.2023, 19:51:44 - INFO - Req was made | / 
30.12.2023, 19:51:44 - DEBUG - Getting toys | {"txt":""} 
30.12.2023, 19:53:40 - INFO - server.js loaded... 
30.12.2023, 19:53:40 - INFO - Server is running on port: 3030 
30.12.2023, 19:55:09 - INFO - server.js loaded... 
30.12.2023, 19:55:09 - INFO - Server is running on port: 3030 
30.12.2023, 19:55:13 - DEBUG - Getting toys | {"txt":""} 
30.12.2023, 19:55:13 - INFO - Req was made | / 
30.12.2023, 19:55:13 - DEBUG - Query criteria: | {"name":{"$options":"i"}} 
30.12.2023, 19:55:13 - ERROR - cannot find toys | MongoServerError: $regex has to be a string 
30.12.2023, 19:55:13 - ERROR - Failed to get toys | MongoServerError: $regex has to be a string 
30.12.2023, 19:55:16 - INFO - Req was made | / 
30.12.2023, 19:55:16 - DEBUG - Getting toys | {"txt":""} 
30.12.2023, 19:55:16 - DEBUG - Query criteria: | {"name":{"$options":"i"}} 
30.12.2023, 19:55:16 - ERROR - cannot find toys | MongoServerError: $regex has to be a string 
30.12.2023, 19:55:16 - ERROR - Failed to get toys | MongoServerError: $regex has to be a string 
30.12.2023, 19:55:29 - INFO - server.js loaded... 
30.12.2023, 19:55:29 - INFO - Server is running on port: 3030 
30.12.2023, 19:55:32 - INFO - Req was made | / 
30.12.2023, 19:55:32 - DEBUG - Getting toys | {"name":""} 
30.12.2023, 19:55:32 - DEBUG - Query criteria: | {"name":{"$regex":"","$options":"i"}} 
30.12.2023, 19:55:36 - INFO - Req was made | / 
30.12.2023, 19:55:36 - DEBUG - Getting toys | {"name":""} 
30.12.2023, 19:55:36 - DEBUG - Query criteria: | {"name":{"$regex":"","$options":"i"}} 
30.12.2023, 19:56:23 - INFO - Req was made | / 
30.12.2023, 19:56:23 - DEBUG - Getting toys | {"name":""} 
30.12.2023, 19:56:23 - DEBUG - Query criteria: | {"name":{"$regex":"","$options":"i"}} 
30.12.2023, 19:56:26 - INFO - Req was made | / 
30.12.2023, 19:56:26 - DEBUG - Getting toys | {"name":""} 
30.12.2023, 19:56:26 - DEBUG - Query criteria: | {"name":{"$regex":"","$options":"i"}} 
30.12.2023, 19:56:42 - INFO - server.js loaded... 
30.12.2023, 19:56:42 - INFO - Server is running on port: 3030 
30.12.2023, 19:57:00 - INFO - server.js loaded... 
30.12.2023, 19:57:00 - INFO - Server is running on port: 3030 
30.12.2023, 19:57:01 - INFO - Req was made | / 
30.12.2023, 19:57:01 - DEBUG - Getting toys | {"txt":""} 
30.12.2023, 19:57:01 - DEBUG - Query criteria: | {"txt":{"$regex":"","$options":"i"}} 
30.12.2023, 19:57:03 - INFO - Req was made | / 
30.12.2023, 19:57:03 - DEBUG - Query criteria: | {"txt":{"$regex":"","$options":"i"}} 
30.12.2023, 19:57:03 - DEBUG - Getting toys | {"txt":""} 
30.12.2023, 19:57:04 - INFO - Req was made | / 
30.12.2023, 19:57:04 - DEBUG - Getting toys | {"txt":""} 
30.12.2023, 19:57:04 - DEBUG - Query criteria: | {"txt":{"$regex":"","$options":"i"}} 
30.12.2023, 19:57:05 - INFO - Req was made | / 
30.12.2023, 19:57:05 - DEBUG - Getting toys | {"txt":""} 
30.12.2023, 19:57:05 - DEBUG - Query criteria: | {"txt":{"$regex":"","$options":"i"}} 
30.12.2023, 19:57:11 - INFO - server.js loaded... 
30.12.2023, 19:57:11 - INFO - Server is running on port: 3030 
30.12.2023, 19:57:13 - INFO - Req was made | / 
30.12.2023, 19:57:13 - DEBUG - Getting toys | {"txt":""} 
30.12.2023, 19:57:13 - DEBUG - Query criteria: | {"name":{"$regex":"","$options":"i"}} 
30.12.2023, 19:57:13 - DEBUG - Toys found: | 12 
30.12.2023, 19:57:30 - INFO - server.js loaded... 
30.12.2023, 19:57:30 - INFO - Server is running on port: 3030 
30.12.2023, 19:59:54 - INFO - Req was made | / 
30.12.2023, 19:59:54 - DEBUG - Getting toys | {"txt":""} 
30.12.2023, 19:59:54 - DEBUG - Query criteria: | {"name":{"$regex":"","$options":"i"}} 
30.12.2023, 19:59:54 - DEBUG - Toys found: | 12 
30.12.2023, 20:00:48 - INFO - Req was made | / 
30.12.2023, 20:00:48 - DEBUG - Getting toys | {"txt":""} 
30.12.2023, 20:00:48 - DEBUG - Query criteria: | {"name":{"$regex":"","$options":"i"}} 
30.12.2023, 20:00:48 - DEBUG - Toys found: | 12 
30.12.2023, 20:00:57 - INFO - Req was made | / 
30.12.2023, 20:00:57 - DEBUG - Getting toys | {"txt":""} 
30.12.2023, 20:00:57 - DEBUG - Query criteria: | {"name":{"$regex":"","$options":"i"}} 
30.12.2023, 20:00:57 - DEBUG - Toys found: | 12 
30.12.2023, 20:01:00 - INFO - Req was made | / 
30.12.2023, 20:01:00 - DEBUG - Getting toys | {"txt":""} 
30.12.2023, 20:01:00 - DEBUG - Query criteria: | {"name":{"$regex":"","$options":"i"}} 
30.12.2023, 20:01:00 - DEBUG - Toys found: | 12 
30.12.2023, 20:01:01 - INFO - Req was made | / 
30.12.2023, 20:01:01 - DEBUG - Getting toys | {"txt":""} 
30.12.2023, 20:01:01 - DEBUG - Query criteria: | {"name":{"$regex":"","$options":"i"}} 
30.12.2023, 20:01:01 - DEBUG - Toys found: | 12 
30.12.2023, 20:02:47 - INFO - server.js loaded... 
30.12.2023, 20:02:47 - INFO - Server is running on port: 3030 
30.12.2023, 20:02:50 - INFO - Req was made | / 
30.12.2023, 20:02:50 - DEBUG - FilterBy from request: | {"txt":""} 
30.12.2023, 20:02:50 - DEBUG - Query criteria: | {"name":{"$regex":"","$options":"i"}} 
30.12.2023, 20:02:50 - DEBUG - Getting toys | {"txt":""} 
30.12.2023, 20:02:50 - DEBUG - Toys found: | 12 
30.12.2023, 20:03:00 - INFO - server.js loaded... 
30.12.2023, 20:03:00 - INFO - Server is running on port: 3030 
30.12.2023, 20:03:02 - INFO - Req was made | / 
30.12.2023, 20:03:02 - DEBUG - Getting toys | {"txt":""} 
30.12.2023, 20:03:02 - DEBUG - FilterBy from request: | {"txt":""} 
30.12.2023, 20:05:11 - INFO - Req was made | / 
30.12.2023, 20:05:11 - DEBUG - FilterBy from request: | {"txt":""} 
30.12.2023, 20:05:11 - DEBUG - Getting toys | {"txt":""} 
30.12.2023, 20:05:38 - INFO - Req was made | / 
30.12.2023, 20:05:38 - DEBUG - FilterBy from request: | {"txt":""} 
30.12.2023, 20:05:38 - DEBUG - Getting toys | {"txt":""} 
30.12.2023, 20:06:28 - DEBUG - FilterBy from request: | {"txt":""} 
30.12.2023, 20:06:28 - INFO - Req was made | / 
30.12.2023, 20:06:28 - DEBUG - Getting toys | {"txt":""} 
30.12.2023, 20:06:30 - INFO - Req was made | / 
30.12.2023, 20:06:30 - DEBUG - FilterBy from request: | {"txt":""} 
30.12.2023, 20:06:30 - DEBUG - Getting toys | {"txt":""} 
30.12.2023, 20:08:45 - INFO - server.js loaded... 
30.12.2023, 20:08:45 - INFO - Server is running on port: 3030 
30.12.2023, 20:08:49 - INFO - Req was made | / 
30.12.2023, 20:08:49 - DEBUG - FilterBy from request: | {"txt":"panda"} 
30.12.2023, 20:08:49 - DEBUG - Getting toys | {"txt":"panda"} 
30.12.2023, 20:08:55 - INFO - Req was made | / 
30.12.2023, 20:08:55 - DEBUG - Getting toys | {"txt":"panda"} 
30.12.2023, 20:08:55 - DEBUG - FilterBy from request: | {"txt":"panda"} 
30.12.2023, 20:08:56 - INFO - Req was made | / 
30.12.2023, 20:08:56 - DEBUG - FilterBy from request: | {"txt":"panda"} 
30.12.2023, 20:08:56 - DEBUG - Getting toys | {"txt":"panda"} 
30.12.2023, 20:09:01 - INFO - Req was made | / 
30.12.2023, 20:09:01 - DEBUG - FilterBy from request: | {"txt":"panda"} 
30.12.2023, 20:09:01 - DEBUG - Getting toys | {"txt":"panda"} 
30.12.2023, 20:09:04 - INFO - Req was made | / 
30.12.2023, 20:09:04 - DEBUG - FilterBy from request: | {"txt":"panda"} 
30.12.2023, 20:09:04 - DEBUG - Getting toys | {"txt":"panda"} 
30.12.2023, 20:09:05 - INFO - Req was made | / 
30.12.2023, 20:09:05 - DEBUG - FilterBy from request: | {"txt":"panda"} 
30.12.2023, 20:09:05 - DEBUG - Getting toys | {"txt":"panda"} 
30.12.2023, 20:09:06 - INFO - server.js loaded... 
30.12.2023, 20:09:06 - INFO - Server is running on port: 3030 
30.12.2023, 20:09:07 - INFO - Req was made | / 
30.12.2023, 20:09:07 - DEBUG - FilterBy from request: | {"txt":"snake"} 
30.12.2023, 20:09:07 - DEBUG - Getting toys | {"txt":"snake"} 
30.12.2023, 20:09:14 - INFO - server.js loaded... 
30.12.2023, 20:09:14 - INFO - Server is running on port: 3030 
30.12.2023, 20:09:14 - INFO - Req was made | / 
30.12.2023, 20:09:14 - DEBUG - FilterBy from request: | {"txt":"panda"} 
30.12.2023, 20:09:14 - DEBUG - Getting toys | {"txt":"panda"} 
30.12.2023, 20:09:21 - INFO - server.js loaded... 
30.12.2023, 20:09:21 - INFO - Server is running on port: 3030 
30.12.2023, 20:09:21 - INFO - Req was made | / 
30.12.2023, 20:09:21 - DEBUG - FilterBy from request: | {"txt":"pan"} 
30.12.2023, 20:09:21 - DEBUG - Getting toys | {"txt":"pan"} 
30.12.2023, 20:09:25 - INFO - server.js loaded... 
30.12.2023, 20:09:25 - INFO - Server is running on port: 3030 
30.12.2023, 20:09:26 - INFO - Req was made | / 
30.12.2023, 20:09:26 - DEBUG - FilterBy from request: | {"txt":"pa"} 
30.12.2023, 20:09:26 - DEBUG - Getting toys | {"txt":"pa"} 
30.12.2023, 20:11:20 - INFO - server.js loaded... 
30.12.2023, 20:11:20 - INFO - Server is running on port: 3030 
30.12.2023, 20:11:29 - INFO - server.js loaded... 
30.12.2023, 20:11:29 - INFO - Server is running on port: 3030 
30.12.2023, 20:11:30 - INFO - Req was made | / 
30.12.2023, 20:11:30 - DEBUG - FilterBy from request: | {"txt":"pan"} 
30.12.2023, 20:11:30 - DEBUG - Getting toys | {"txt":"pan"} 
30.12.2023, 20:14:58 - INFO - server.js loaded... 
30.12.2023, 20:14:58 - INFO - Server is running on port: 3030 
30.12.2023, 20:15:34 - INFO - server.js loaded... 
30.12.2023, 20:15:34 - INFO - Server is running on port: 3030 
30.12.2023, 20:15:36 - INFO - Req was made | / 
30.12.2023, 20:15:36 - DEBUG - FilterBy from request: | {"txt":""} 
30.12.2023, 20:15:36 - DEBUG - Getting toys | {"txt":""} 
30.12.2023, 20:15:37 - INFO - Req was made | / 
30.12.2023, 20:15:37 - DEBUG - FilterBy from request: | {"txt":""} 
30.12.2023, 20:15:37 - DEBUG - Getting toys | {"txt":""} 
30.12.2023, 20:15:39 - DEBUG - FilterBy from request: | {"txt":""} 
30.12.2023, 20:15:39 - INFO - Req was made | / 
30.12.2023, 20:15:39 - DEBUG - Getting toys | {"txt":""} 
30.12.2023, 20:16:15 - INFO - server.js loaded... 
30.12.2023, 20:16:15 - INFO - Server is running on port: 3030 
30.12.2023, 20:16:20 - INFO - Req was made | / 
30.12.2023, 20:16:20 - DEBUG - FilterBy from request: | {"txt":""} 
30.12.2023, 20:16:20 - DEBUG - Getting toys | {"txt":""} 
30.12.2023, 20:16:21 - INFO - Req was made | / 
30.12.2023, 20:16:21 - DEBUG - FilterBy from request: | {"txt":""} 
30.12.2023, 20:16:21 - DEBUG - Getting toys | {"txt":""} 
30.12.2023, 20:16:22 - INFO - Req was made | / 
30.12.2023, 20:16:22 - DEBUG - FilterBy from request: | {"txt":""} 
30.12.2023, 20:16:22 - DEBUG - Getting toys | {"txt":""} 
30.12.2023, 20:16:25 - INFO - Req was made | / 
30.12.2023, 20:16:25 - DEBUG - FilterBy from request: | {"txt":""} 
30.12.2023, 20:16:25 - DEBUG - Getting toys | {"txt":""} 
30.12.2023, 20:16:27 - INFO - Req was made | / 
30.12.2023, 20:16:27 - DEBUG - FilterBy from request: | {"txt":""} 
30.12.2023, 20:16:27 - DEBUG - Getting toys | {"txt":""} 
30.12.2023, 20:16:27 - INFO - Req was made | / 
30.12.2023, 20:16:27 - DEBUG - FilterBy from request: | {"txt":""} 
30.12.2023, 20:16:27 - DEBUG - Getting toys | {"txt":""} 
30.12.2023, 20:16:43 - INFO - Req was made | / 
30.12.2023, 20:16:43 - DEBUG - FilterBy from request: | {"txt":""} 
30.12.2023, 20:16:43 - DEBUG - Getting toys | {"txt":""} 
30.12.2023, 20:16:52 - INFO - server.js loaded... 
30.12.2023, 20:16:52 - INFO - Server is running on port: 3030 
30.12.2023, 20:26:04 - INFO - server.js loaded... 
30.12.2023, 20:26:04 - INFO - Server is running on port: 3030 
30.12.2023, 20:26:06 - INFO - Req was made | / 
30.12.2023, 20:26:06 - DEBUG - FilterBy from request: | {"txt":""} 
30.12.2023, 20:26:06 - DEBUG - Getting toys | {"txt":""} 
30.12.2023, 20:26:07 - INFO - Req was made | / 
30.12.2023, 20:26:07 - DEBUG - FilterBy from request: | {"txt":""} 
30.12.2023, 20:26:07 - DEBUG - Getting toys | {"txt":""} 
30.12.2023, 20:26:07 - INFO - Req was made | / 
30.12.2023, 20:26:07 - DEBUG - FilterBy from request: | {"txt":""} 
30.12.2023, 20:26:07 - DEBUG - Getting toys | {"txt":""} 
30.12.2023, 20:26:08 - INFO - Req was made | / 
30.12.2023, 20:26:08 - DEBUG - FilterBy from request: | {"txt":""} 
30.12.2023, 20:26:08 - DEBUG - Getting toys | {"txt":""} 
30.12.2023, 20:26:10 - INFO - Req was made | / 
30.12.2023, 20:26:10 - DEBUG - FilterBy from request: | {"txt":""} 
30.12.2023, 20:26:10 - DEBUG - Getting toys | {"txt":""} 
30.12.2023, 20:26:11 - INFO - Req was made | / 
30.12.2023, 20:26:11 - DEBUG - FilterBy from request: | {"txt":""} 
30.12.2023, 20:26:11 - DEBUG - Getting toys | {"txt":""} 
30.12.2023, 20:26:12 - INFO - Req was made | / 
30.12.2023, 20:26:12 - DEBUG - FilterBy from request: | {"txt":""} 
30.12.2023, 20:26:12 - DEBUG - Getting toys | {"txt":""} 
30.12.2023, 20:26:15 - INFO - server.js loaded... 
30.12.2023, 20:26:15 - INFO - Server is running on port: 3030 
30.12.2023, 20:26:17 - INFO - Req was made | / 
30.12.2023, 20:26:17 - DEBUG - Getting toys | {"txt":""} 
30.12.2023, 20:26:17 - DEBUG - FilterBy from request: | {"txt":""} 
30.12.2023, 20:26:23 - INFO - Req was made | / 
30.12.2023, 20:26:23 - DEBUG - FilterBy from request: | {"txt":""} 
30.12.2023, 20:26:23 - DEBUG - Getting toys | {"txt":""} 
30.12.2023, 20:27:53 - INFO - server.js loaded... 
30.12.2023, 20:27:53 - INFO - Server is running on port: 3030 
30.12.2023, 20:27:59 - INFO - server.js loaded... 
30.12.2023, 20:27:59 - INFO - Server is running on port: 3030 
30.12.2023, 20:28:02 - INFO - Req was made | / 
30.12.2023, 20:28:02 - DEBUG - FilterBy from request: | {"txt":"pan"} 
30.12.2023, 20:28:02 - DEBUG - Getting toys | {"txt":"pan"} 
30.12.2023, 20:28:13 - INFO - server.js loaded... 
30.12.2023, 20:28:13 - INFO - Server is running on port: 3030 
30.12.2023, 20:28:14 - INFO - Req was made | / 
30.12.2023, 20:28:14 - DEBUG - FilterBy from request: | {"txt":"undefined"} 
30.12.2023, 20:28:14 - DEBUG - Getting toys | {"txt":"undefined"} 
30.12.2023, 20:28:17 - INFO - Req was made | / 
30.12.2023, 20:28:17 - DEBUG - FilterBy from request: | {"txt":"undefined"} 
30.12.2023, 20:28:17 - DEBUG - Getting toys | {"txt":"undefined"} 
30.12.2023, 20:28:18 - INFO - Req was made | / 
30.12.2023, 20:28:18 - DEBUG - FilterBy from request: | {"txt":"undefined"} 
30.12.2023, 20:28:18 - DEBUG - Getting toys | {"txt":"undefined"} 
30.12.2023, 20:28:18 - INFO - Req was made | / 
30.12.2023, 20:28:18 - DEBUG - FilterBy from request: | {"txt":"undefined"} 
30.12.2023, 20:28:18 - DEBUG - Getting toys | {"txt":"undefined"} 
30.12.2023, 20:28:24 - INFO - server.js loaded... 
30.12.2023, 20:28:25 - INFO - Server is running on port: 3030 
30.12.2023, 20:28:32 - INFO - server.js loaded... 
30.12.2023, 20:28:32 - INFO - Server is running on port: 3030 
30.12.2023, 20:28:33 - INFO - Req was made | / 
30.12.2023, 20:28:33 - DEBUG - FilterBy from request: | {"txt":"undefined"} 
30.12.2023, 20:28:33 - DEBUG - Getting toys | {"txt":"undefined"} 
30.12.2023, 20:28:39 - INFO - server.js loaded... 
30.12.2023, 20:28:39 - INFO - Server is running on port: 3030 
30.12.2023, 20:28:39 - INFO - Req was made | / 
30.12.2023, 20:28:39 - DEBUG - FilterBy from request: | {"txt":""} 
30.12.2023, 20:28:39 - DEBUG - Getting toys | {"txt":""} 
30.12.2023, 20:30:07 - INFO - server.js loaded... 
30.12.2023, 20:30:08 - INFO - Server is running on port: 3030 
30.12.2023, 20:32:45 - INFO - Req was made | / 
30.12.2023, 20:32:45 - DEBUG - Getting toys | {"txt":""} 
30.12.2023, 20:32:47 - INFO - Req was made | / 
30.12.2023, 20:32:47 - DEBUG - Getting toys | {"txt":""} 
30.12.2023, 20:38:53 - INFO - Req was made | / 
30.12.2023, 20:38:53 - DEBUG - Getting toys | {"txt":""} 
30.12.2023, 20:38:55 - INFO - Req was made | / 
30.12.2023, 20:38:55 - DEBUG - Getting toys | {"txt":""} 
30.12.2023, 20:38:57 - INFO - Req was made | / 
30.12.2023, 20:38:57 - DEBUG - Getting toys | {"txt":""} 
30.12.2023, 20:38:57 - DEBUG - Getting toys | {"txt":""} 
30.12.2023, 20:38:57 - INFO - Req was made | / 
30.12.2023, 20:38:58 - INFO - Req was made | / 
30.12.2023, 20:38:58 - DEBUG - Getting toys | {"txt":""} 
30.12.2023, 20:41:02 - INFO - Req was made | / 
30.12.2023, 20:41:02 - DEBUG - Getting toys | {"txt":""} 
30.12.2023, 20:41:11 - INFO - Req was made | / 
30.12.2023, 20:41:11 - DEBUG - Getting toys | {"txt":""} 
30.12.2023, 20:41:14 - INFO - Req was made | / 
30.12.2023, 20:41:14 - DEBUG - Getting toys | {"txt":""} 
30.12.2023, 20:41:14 - INFO - Req was made | / 
30.12.2023, 20:41:14 - DEBUG - Getting toys | {"txt":""} 
30.12.2023, 20:41:15 - INFO - Req was made | / 
30.12.2023, 20:41:15 - DEBUG - Getting toys | {"txt":""} 
30.12.2023, 20:41:55 - INFO - Req was made | / 
30.12.2023, 20:41:55 - DEBUG - Getting toys | {"txt":""} 
30.12.2023, 20:41:57 - INFO - Req was made | / 
30.12.2023, 20:41:57 - DEBUG - Getting toys | {"txt":""} 
30.12.2023, 20:42:13 - INFO - Req was made | / 
30.12.2023, 20:42:13 - DEBUG - Getting toys | {"txt":""} 
30.12.2023, 20:45:34 - INFO - Req was made | / 
30.12.2023, 20:45:34 - DEBUG - Getting toys | {"txt":""} 
30.12.2023, 20:45:39 - INFO - Req was made | / 
30.12.2023, 20:45:39 - DEBUG - Getting toys | {"txt":""} 
30.12.2023, 20:45:42 - INFO - Req was made | / 
30.12.2023, 20:45:42 - DEBUG - Getting toys | {"txt":""} 
30.12.2023, 20:45:51 - INFO - Req was made | / 
30.12.2023, 20:45:51 - DEBUG - Getting toys | {"txt":""} 
30.12.2023, 20:45:52 - DEBUG - Getting toys | {"txt":""} 
30.12.2023, 20:45:52 - INFO - Req was made | / 
30.12.2023, 20:45:53 - INFO - Req was made | / 
30.12.2023, 20:45:53 - DEBUG - Getting toys | {"txt":""} 
30.12.2023, 20:46:33 - INFO - server.js loaded... 
30.12.2023, 20:46:33 - INFO - Server is running on port: 3030 
30.12.2023, 20:46:55 - INFO - server.js loaded... 
30.12.2023, 20:46:55 - INFO - Server is running on port: 3030 
30.12.2023, 20:46:57 - INFO - Req was made | / 
30.12.2023, 20:46:57 - ERROR - Failed to get toys | ReferenceError: userInput is not defined 
30.12.2023, 20:46:59 - INFO - Req was made | / 
30.12.2023, 20:46:59 - ERROR - Failed to get toys | ReferenceError: userInput is not defined 
30.12.2023, 20:47:09 - INFO - server.js loaded... 
30.12.2023, 20:47:09 - INFO - Server is running on port: 3030 
30.12.2023, 20:47:09 - INFO - Req was made | / 
30.12.2023, 20:47:09 - DEBUG - Getting toys | {"txt":""} 
30.12.2023, 20:48:19 - INFO - Req was made | / 
30.12.2023, 20:48:19 - DEBUG - Getting toys | {"txt":""} 
30.12.2023, 20:48:21 - INFO - Req was made | / 
30.12.2023, 20:48:21 - DEBUG - Getting toys | {"txt":""} 
30.12.2023, 20:48:23 - INFO - Req was made | / 
30.12.2023, 20:48:23 - DEBUG - Getting toys | {"txt":""} 
30.12.2023, 20:48:24 - INFO - Req was made | / 
30.12.2023, 20:48:24 - DEBUG - Getting toys | {"txt":""} 
30.12.2023, 20:48:24 - INFO - Req was made | / 
30.12.2023, 20:48:24 - DEBUG - Getting toys | {"txt":""} 
30.12.2023, 20:48:25 - INFO - Req was made | / 
30.12.2023, 20:48:25 - DEBUG - Getting toys | {"txt":""} 
30.12.2023, 20:48:25 - INFO - Req was made | / 
30.12.2023, 20:48:25 - DEBUG - Getting toys | {"txt":""} 
30.12.2023, 20:48:42 - INFO - Req was made | / 
30.12.2023, 20:48:42 - DEBUG - Getting toys | {"txt":""} 
30.12.2023, 20:49:10 - INFO - Req was made | / 
30.12.2023, 20:49:10 - DEBUG - Getting toys | {"txt":""} 
30.12.2023, 20:49:10 - INFO - Req was made | / 
30.12.2023, 20:49:10 - DEBUG - Getting toys | {"txt":""} 
30.12.2023, 20:49:13 - INFO - Req was made | / 
30.12.2023, 20:49:13 - DEBUG - Getting toys | {"txt":""} 
30.12.2023, 20:49:21 - INFO - Req was made | / 
30.12.2023, 20:49:21 - DEBUG - Getting toys | {"txt":""} 
30.12.2023, 20:49:25 - INFO - Req was made | / 
30.12.2023, 20:49:25 - DEBUG - Getting toys | {"txt":""} 
30.12.2023, 20:56:31 - INFO - server.js loaded... 
30.12.2023, 20:56:31 - INFO - Server is running on port: 3030 
30.12.2023, 20:56:35 - INFO - Req was made | / 
30.12.2023, 20:56:35 - DEBUG - Getting toys | {"txt":""} 
30.12.2023, 20:56:43 - DEBUG - Getting toys | {"txt":""} 
30.12.2023, 20:56:43 - INFO - Req was made | / 
30.12.2023, 20:56:45 - INFO - Req was made | / 
30.12.2023, 20:56:45 - DEBUG - Getting toys | {"txt":""} 
30.12.2023, 20:56:46 - DEBUG - Getting toys | {"txt":""} 
30.12.2023, 20:56:46 - INFO - Req was made | / 
30.12.2023, 20:56:47 - INFO - Req was made | / 
30.12.2023, 20:56:47 - DEBUG - Getting toys | {"txt":""} 
30.12.2023, 20:56:55 - INFO - server.js loaded... 
30.12.2023, 20:56:55 - INFO - Server is running on port: 3030 
30.12.2023, 20:56:56 - INFO - Req was made | / 
30.12.2023, 20:56:56 - DEBUG - Getting toys | {"txt":""} 
30.12.2023, 20:57:04 - INFO - server.js loaded... 
30.12.2023, 20:57:04 - INFO - Server is running on port: 3030 
30.12.2023, 20:57:05 - INFO - Req was made | / 
30.12.2023, 20:57:05 - DEBUG - Getting toys | {"txt":""} 
30.12.2023, 20:57:15 - INFO - server.js loaded... 
30.12.2023, 20:57:15 - INFO - Server is running on port: 3030 
30.12.2023, 20:57:17 - INFO - Req was made | / 
30.12.2023, 20:57:17 - DEBUG - Getting toys | {"txt":""} 
30.12.2023, 20:57:23 - INFO - server.js loaded... 
30.12.2023, 20:57:23 - INFO - Server is running on port: 3030 
30.12.2023, 20:57:24 - INFO - Req was made | / 
30.12.2023, 20:57:24 - DEBUG - Getting toys | {"txt":""} 
30.12.2023, 20:57:30 - INFO - Req was made | / 
30.12.2023, 20:57:30 - DEBUG - Getting toys | {"txt":""} 
30.12.2023, 20:57:30 - INFO - Req was made | / 
30.12.2023, 20:57:31 - DEBUG - Getting toys | {"txt":""} 
30.12.2023, 20:57:33 - INFO - Req was made | / 
30.12.2023, 20:57:33 - DEBUG - Getting toys | {"txt":""} 
30.12.2023, 20:57:46 - INFO - server.js loaded... 
30.12.2023, 20:57:46 - INFO - Server is running on port: 3030 
30.12.2023, 20:57:46 - INFO - Req was made | / 
30.12.2023, 20:57:46 - DEBUG - Getting toys | {"txt":""} 
30.12.2023, 20:58:07 - INFO - server.js loaded... 
30.12.2023, 20:58:07 - INFO - Server is running on port: 3030 
30.12.2023, 20:58:12 - INFO - server.js loaded... 
30.12.2023, 20:58:12 - INFO - Server is running on port: 3030 
30.12.2023, 20:58:14 - INFO - Req was made | / 
30.12.2023, 20:58:14 - DEBUG - Getting toys | {"txt":""} 
30.12.2023, 20:58:22 - INFO - server.js loaded... 
30.12.2023, 20:58:22 - INFO - Server is running on port: 3030 
30.12.2023, 20:58:23 - INFO - Req was made | / 
30.12.2023, 20:58:23 - DEBUG - Getting toys | {"txt":""} 
30.12.2023, 20:58:32 - INFO - server.js loaded... 
30.12.2023, 20:58:32 - INFO - Server is running on port: 3030 
30.12.2023, 20:58:34 - INFO - Req was made | / 
30.12.2023, 20:58:34 - DEBUG - Getting toys | {"txt":""} 
30.12.2023, 20:58:42 - INFO - server.js loaded... 
30.12.2023, 20:58:42 - INFO - Server is running on port: 3030 
30.12.2023, 20:58:44 - INFO - Req was made | / 
30.12.2023, 20:58:44 - DEBUG - Getting toys | {"txt":""} 
30.12.2023, 20:58:49 - INFO - server.js loaded... 
30.12.2023, 20:58:50 - INFO - Server is running on port: 3030 
30.12.2023, 20:58:50 - INFO - Req was made | / 
30.12.2023, 20:58:50 - DEBUG - Getting toys | {"txt":""} 
30.12.2023, 20:59:02 - INFO - server.js loaded... 
30.12.2023, 20:59:02 - INFO - Server is running on port: 3030 
30.12.2023, 20:59:04 - INFO - Req was made | / 
30.12.2023, 20:59:04 - DEBUG - Getting toys | {"txt":"panda"} 
30.12.2023, 20:59:05 - INFO - Req was made | / 
30.12.2023, 20:59:05 - DEBUG - Getting toys | {"txt":"pand"} 
30.12.2023, 20:59:06 - INFO - Req was made | / 
30.12.2023, 20:59:06 - DEBUG - Getting toys | {"txt":"pa"} 
30.12.2023, 20:59:07 - DEBUG - Getting toys | {"txt":""} 
30.12.2023, 20:59:07 - INFO - Req was made | / 
30.12.2023, 20:59:08 - INFO - Req was made | / 
30.12.2023, 20:59:08 - DEBUG - Getting toys | {"txt":"snake"} 
30.12.2023, 20:59:09 - INFO - Req was made | / 
30.12.2023, 20:59:09 - DEBUG - Getting toys | {"txt":""} 
30.12.2023, 20:59:45 - INFO - server.js loaded... 
30.12.2023, 20:59:45 - INFO - Server is running on port: 3030 
30.12.2023, 20:59:46 - INFO - Req was made | / 
30.12.2023, 20:59:46 - DEBUG - Getting toys | {"txt":"panda"} 
30.12.2023, 20:59:47 - INFO - Req was made | / 
30.12.2023, 20:59:47 - DEBUG - Getting toys | {"txt":"pan"} 
30.12.2023, 20:59:48 - INFO - Req was made | / 
30.12.2023, 20:59:48 - DEBUG - Getting toys | {"txt":"pa"} 
30.12.2023, 20:59:49 - INFO - Req was made | / 
30.12.2023, 20:59:49 - DEBUG - Getting toys | {"txt":"p"} 
30.12.2023, 20:59:49 - INFO - Req was made | / 
30.12.2023, 20:59:49 - DEBUG - Getting toys | {"txt":""} 
30.12.2023, 21:03:37 - INFO - server.js loaded... 
30.12.2023, 21:03:37 - INFO - Server is running on port: 3030 
30.12.2023, 21:03:38 - INFO - Req was made | / 
30.12.2023, 21:03:38 - DEBUG - Getting toys | {"txt":""} 
30.12.2023, 21:03:40 - INFO - Req was made | / 
30.12.2023, 21:03:40 - DEBUG - Getting toys | {"txt":"pad"} 
30.12.2023, 21:03:41 - INFO - Req was made | / 
30.12.2023, 21:03:41 - DEBUG - Getting toys | {"txt":"pa"} 
30.12.2023, 21:03:43 - DEBUG - Getting toys | {"txt":""} 
30.12.2023, 21:03:43 - INFO - Req was made | / 
30.12.2023, 21:04:38 - INFO - server.js loaded... 
30.12.2023, 21:04:38 - INFO - Server is running on port: 3030 
30.12.2023, 21:05:15 - INFO - server.js loaded... 
30.12.2023, 21:05:15 - INFO - Server is running on port: 3030 
30.12.2023, 21:05:19 - INFO - Req was made | / 
30.12.2023, 21:05:19 - DEBUG - Getting toys | {"txt":""} 
30.12.2023, 21:05:21 - INFO - Req was made | / 
30.12.2023, 21:05:21 - DEBUG - Getting toys | {"txt":""} 
30.12.2023, 21:05:24 - INFO - Req was made | / 
30.12.2023, 21:05:24 - DEBUG - Getting toys | {"txt":"pa"} 
30.12.2023, 21:05:26 - INFO - Req was made | / 
30.12.2023, 21:05:26 - DEBUG - Getting toys | {"txt":"p"} 
30.12.2023, 21:05:28 - INFO - Req was made | / 
30.12.2023, 21:05:28 - DEBUG - Getting toys | {"txt":""} 
30.12.2023, 21:05:31 - INFO - Req was made | / 
30.12.2023, 21:05:31 - DEBUG - Getting toys | {"txt":"panda"} 
30.12.2023, 21:05:32 - INFO - Req was made | / 
30.12.2023, 21:05:32 - DEBUG - Getting toys | {"txt":"pa"} 
30.12.2023, 21:05:33 - INFO - Req was made | / 
30.12.2023, 21:05:33 - DEBUG - Getting toys | {"txt":"p"} 
30.12.2023, 21:05:33 - INFO - Req was made | / 
30.12.2023, 21:05:33 - DEBUG - Getting toys | {"txt":""} 
30.12.2023, 21:06:41 - INFO - server.js loaded... 
30.12.2023, 21:06:41 - INFO - Server is running on port: 3030 
30.12.2023, 21:06:46 - INFO - Req was made | / 
30.12.2023, 21:06:46 - DEBUG - Getting toys | {"txt":"sdf"} 
30.12.2023, 21:06:50 - INFO - Req was made | / 
30.12.2023, 21:06:50 - DEBUG - Getting toys | {"txt":"s"} 
30.12.2023, 21:06:52 - INFO - Req was made | / 
30.12.2023, 21:06:52 - DEBUG - Getting toys | {"txt":""} 
30.12.2023, 21:06:54 - INFO - Req was made | / 
30.12.2023, 21:06:54 - DEBUG - Getting toys | {"txt":""} 
30.12.2023, 21:07:50 - INFO - server.js loaded... 
30.12.2023, 21:07:50 - INFO - Server is running on port: 3030 
30.12.2023, 21:07:58 - INFO - server.js loaded... 
30.12.2023, 21:07:58 - INFO - Server is running on port: 3030 
30.12.2023, 21:08:00 - INFO - Req was made | / 
30.12.2023, 21:08:00 - DEBUG - Getting toys | {"txt":""} 
30.12.2023, 21:08:06 - INFO - Req was made | / 
30.12.2023, 21:08:06 - DEBUG - Getting toys | {"txt":""} 
30.12.2023, 22:01:41 - INFO - server.js loaded... 
30.12.2023, 22:01:41 - INFO - Server is running on port: 3030 
30.12.2023, 22:03:03 - INFO - server.js loaded... 
30.12.2023, 22:03:03 - INFO - Server is running on port: 3030 
30.12.2023, 22:03:05 - INFO - server.js loaded... 
30.12.2023, 22:03:05 - INFO - Server is running on port: 3030 
30.12.2023, 22:03:08 - INFO - Req was made | / 
30.12.2023, 22:03:08 - DEBUG - Getting toys | {"txt":"","price":{"$lte":0}} 
30.12.2023, 22:03:10 - INFO - Req was made | / 
30.12.2023, 22:03:10 - DEBUG - Getting toys | {"txt":"","price":{"$lte":888}} 
30.12.2023, 22:03:29 - INFO - Req was made | / 
30.12.2023, 22:03:29 - DEBUG - Getting toys | {"txt":"","price":{"$lte":0}} 
30.12.2023, 22:03:35 - INFO - Req was made | / 
30.12.2023, 22:03:35 - DEBUG - Getting toys | {"txt":"1000","price":{"$lte":0}} 
30.12.2023, 22:03:36 - INFO - Req was made | / 
30.12.2023, 22:03:36 - DEBUG - Getting toys | {"txt":"","price":{"$lte":0}} 
30.12.2023, 22:03:38 - INFO - Req was made | / 
30.12.2023, 22:03:38 - DEBUG - Getting toys | {"txt":"","price":{"$lte":1000}} 
30.12.2023, 22:04:35 - INFO - server.js loaded... 
30.12.2023, 22:04:35 - INFO - Server is running on port: 3030 
30.12.2023, 22:04:38 - INFO - Req was made | / 
30.12.2023, 22:04:38 - DEBUG - Getting toys | {"txt":"","price":{"$lt":null}} 
30.12.2023, 22:04:42 - INFO - Req was made | / 
30.12.2023, 22:04:42 - DEBUG - Getting toys | {"txt":"","price":{"$lt":800}} 
30.12.2023, 22:04:43 - INFO - Req was made | / 
30.12.2023, 22:04:43 - DEBUG - Getting toys | {"txt":"","price":{"$lt":8}} 
30.12.2023, 22:04:43 - INFO - Req was made | / 
30.12.2023, 22:04:43 - DEBUG - Getting toys | {"txt":"","price":{"$lt":0}} 
30.12.2023, 22:04:47 - DEBUG - Getting toys | {"txt":"","price":{"$lt":1000}} 
30.12.2023, 22:04:47 - INFO - Req was made | / 
30.12.2023, 22:05:21 - INFO - Req was made | / 
30.12.2023, 22:05:21 - DEBUG - Getting toys | {"txt":"ghj","price":{"$lt":1000}} 
30.12.2023, 22:05:34 - INFO - server.js loaded... 
30.12.2023, 22:05:34 - INFO - Server is running on port: 3030 
30.12.2023, 22:05:35 - INFO - Req was made | / 
30.12.2023, 22:05:35 - DEBUG - Getting toys | {"txt":"ghjsdf","price":"1000"} 
30.12.2023, 22:08:49 - INFO - server.js loaded... 
30.12.2023, 22:08:49 - INFO - Server is running on port: 3030 
30.12.2023, 22:08:50 - INFO - server.js loaded... 
30.12.2023, 22:08:50 - INFO - Server is running on port: 3030 
30.12.2023, 22:08:56 - DEBUG - Getting toys | {"txt":"ghjsdf"} 
30.12.2023, 22:08:56 - INFO - Req was made | / 
30.12.2023, 22:08:56 - ERROR - cannot find toys | ReferenceError: priceInputValue is not defined 
30.12.2023, 22:08:56 - ERROR - Failed to get toys | ReferenceError: priceInputValue is not defined 
30.12.2023, 22:08:56 - INFO - Req was made | / 
30.12.2023, 22:08:56 - DEBUG - Getting toys | {"txt":"ghjsdf"} 
30.12.2023, 22:08:56 - ERROR - cannot find toys | ReferenceError: priceInputValue is not defined 
30.12.2023, 22:08:56 - ERROR - Failed to get toys | ReferenceError: priceInputValue is not defined 
30.12.2023, 22:09:13 - INFO - server.js loaded... 
30.12.2023, 22:09:13 - INFO - Server is running on port: 3030 
30.12.2023, 22:09:16 - INFO - Req was made | / 
30.12.2023, 22:09:16 - DEBUG - Getting toys | {"txt":""} 
30.12.2023, 22:09:16 - ERROR - Failed to get toys | ReferenceError: req is not defined 
30.12.2023, 22:09:27 - INFO - server.js loaded... 
30.12.2023, 22:09:27 - INFO - Server is running on port: 3030 
30.12.2023, 22:09:27 - INFO - Req was made | / 
30.12.2023, 22:09:27 - DEBUG - Getting toys | {"txt":""} 
30.12.2023, 22:10:02 - INFO - server.js loaded... 
30.12.2023, 22:10:02 - INFO - Server is running on port: 3030 
30.12.2023, 22:16:16 - INFO - server.js loaded... 
30.12.2023, 22:16:16 - INFO - Server is running on port: 3030 
30.12.2023, 22:16:21 - INFO - Req was made | / 
30.12.2023, 22:16:21 - ERROR - Failed to get toys | ReferenceError: priceInputValue is not defined 
30.12.2023, 22:16:21 - DEBUG - Getting toys | {"txt":"","maxPrice":"Infinity"} 
30.12.2023, 22:16:21 - ERROR - cannot find toys | ReferenceError: priceInputValue is not defined 
30.12.2023, 22:17:07 - INFO - server.js loaded... 
30.12.2023, 22:17:07 - INFO - Server is running on port: 3030 
30.12.2023, 22:17:16 - INFO - server.js loaded... 
30.12.2023, 22:17:16 - INFO - Server is running on port: 3030 
30.12.2023, 22:17:22 - INFO - server.js loaded... 
30.12.2023, 22:17:22 - INFO - Server is running on port: 3030 
30.12.2023, 22:17:32 - INFO - server.js loaded... 
30.12.2023, 22:17:32 - INFO - Server is running on port: 3030 
30.12.2023, 22:18:37 - INFO - server.js loaded... 
30.12.2023, 22:18:37 - INFO - Server is running on port: 3030 
30.12.2023, 22:19:08 - INFO - server.js loaded... 
30.12.2023, 22:19:08 - INFO - Server is running on port: 3030 
30.12.2023, 22:19:23 - INFO - server.js loaded... 
30.12.2023, 22:19:23 - INFO - Server is running on port: 3030 
30.12.2023, 22:19:25 - INFO - server.js loaded... 
30.12.2023, 22:19:26 - INFO - Server is running on port: 3030 
30.12.2023, 22:19:29 - INFO - server.js loaded... 
30.12.2023, 22:19:29 - INFO - Server is running on port: 3030 
30.12.2023, 22:19:33 - DEBUG - Getting toys | {"txt":"","maxPrice":"Infinity"} 
30.12.2023, 22:19:33 - INFO - Req was made | / 
30.12.2023, 22:19:37 - INFO - Req was made | / 
30.12.2023, 22:19:37 - DEBUG - Getting toys | {"txt":"","maxPrice":"40"} 
30.12.2023, 22:19:39 - INFO - Req was made | / 
30.12.2023, 22:19:39 - DEBUG - Getting toys | {"txt":"","maxPrice":"4"} 
30.12.2023, 22:19:39 - INFO - Req was made | / 
30.12.2023, 22:19:39 - DEBUG - Getting toys | {"txt":"","maxPrice":"0"} 
30.12.2023, 22:19:46 - INFO - Req was made | / 
30.12.2023, 22:19:46 - DEBUG - Getting toys | {"txt":"","maxPrice":"100"} 
30.12.2023, 22:19:48 - INFO - Req was made | / 
30.12.2023, 22:19:48 - DEBUG - Getting toys | {"txt":"","maxPrice":"0"} 
30.12.2023, 22:19:49 - INFO - Req was made | / 
30.12.2023, 22:19:49 - DEBUG - Getting toys | {"txt":"","maxPrice":"800"} 
30.12.2023, 22:19:50 - INFO - Req was made | / 
30.12.2023, 22:19:50 - DEBUG - Getting toys | {"txt":"","maxPrice":"0"} 
30.12.2023, 22:19:52 - INFO - Req was made | / 
30.12.2023, 22:19:52 - DEBUG - Getting toys | {"txt":"","maxPrice":"41"} 
30.12.2023, 22:19:52 - INFO - Req was made | / 
30.12.2023, 22:19:52 - DEBUG - Getting toys | {"txt":"","maxPrice":"417"} 
30.12.2023, 22:19:58 - INFO - Req was made | / 
30.12.2023, 22:19:58 - DEBUG - Getting toys | {"txt":"","maxPrice":"419"} 
30.12.2023, 22:20:00 - INFO - Req was made | / 
30.12.2023, 22:20:00 - DEBUG - Getting toys | {"txt":"","maxPrice":"0"} 
30.12.2023, 22:20:01 - DEBUG - Getting toys | {"txt":"","maxPrice":"3"} 
30.12.2023, 22:20:01 - INFO - Req was made | / 
30.12.2023, 22:20:01 - INFO - Req was made | / 
30.12.2023, 22:20:01 - DEBUG - Getting toys | {"txt":"","maxPrice":"380"} 
30.12.2023, 22:20:21 - INFO - server.js loaded... 
30.12.2023, 22:20:21 - INFO - Server is running on port: 3030 
30.12.2023, 22:20:22 - INFO - Req was made | / 
30.12.2023, 22:20:22 - DEBUG - Getting toys | {"txt":"","maxPrice":"Infinity"} 
30.12.2023, 22:20:24 - INFO - Req was made | / 
30.12.2023, 22:20:24 - DEBUG - Getting toys | {"txt":"","maxPrice":"100"} 
30.12.2023, 22:20:25 - INFO - Req was made | / 
30.12.2023, 22:20:25 - DEBUG - Getting toys | {"txt":"","maxPrice":"0"} 
30.12.2023, 22:21:28 - INFO - server.js loaded... 
30.12.2023, 22:21:28 - INFO - Server is running on port: 3030 
30.12.2023, 22:21:30 - INFO - Req was made | / 
30.12.2023, 22:21:30 - DEBUG - Getting toys | {"txt":"","maxPrice":"Infinity"} 
30.12.2023, 22:21:34 - INFO - Req was made | / 
30.12.2023, 22:21:34 - DEBUG - Getting toys | {"txt":"","maxPrice":"2000"} 
30.12.2023, 22:21:34 - INFO - Req was made | / 
30.12.2023, 22:21:34 - DEBUG - Getting toys | {"txt":"","maxPrice":"200"} 
30.12.2023, 22:21:36 - INFO - Req was made | / 
30.12.2023, 22:21:36 - DEBUG - Getting toys | {"txt":"","maxPrice":"2"} 
30.12.2023, 22:21:36 - INFO - Req was made | / 
30.12.2023, 22:21:36 - DEBUG - Getting toys | {"txt":"","maxPrice":null} 
30.12.2023, 22:21:44 - INFO - Req was made | / 
30.12.2023, 22:21:44 - DEBUG - Getting toys | {"txt":"","maxPrice":"888"} 
30.12.2023, 22:21:49 - INFO - Req was made | / 
30.12.2023, 22:21:49 - DEBUG - Getting toys | {"txt":"","maxPrice":"350"} 
30.12.2023, 22:21:52 - INFO - Req was made | / 
30.12.2023, 22:21:52 - DEBUG - Getting toys | {"txt":"","maxPrice":null} 
30.12.2023, 22:22:11 - INFO - Req was made | / 
30.12.2023, 22:22:11 - DEBUG - Getting toys | {"txt":"","maxPrice":null} 
30.12.2023, 22:22:12 - DEBUG - Getting toys | {"txt":"","maxPrice":null} 
30.12.2023, 22:22:12 - INFO - Req was made | / 
30.12.2023, 22:22:42 - INFO - server.js loaded... 
30.12.2023, 22:22:42 - INFO - Server is running on port: 3030 
30.12.2023, 22:22:47 - INFO - Req was made | / 
30.12.2023, 22:22:47 - DEBUG - Getting toys | {"txt":"","maxPrice":"Infinity"} 
30.12.2023, 22:22:55 - INFO - Req was made | / 
30.12.2023, 22:22:55 - DEBUG - Getting toys | {"txt":"","maxPrice":"Infinity"} 
30.12.2023, 22:23:00 - INFO - Req was made | / 
30.12.2023, 22:23:00 - DEBUG - Getting toys | {"txt":"","maxPrice":"Infinity"} 
30.12.2023, 22:23:02 - INFO - Req was made | / 
30.12.2023, 22:23:02 - DEBUG - Getting toys | {"txt":"","maxPrice":"Infinity"} 
30.12.2023, 22:23:29 - INFO - server.js loaded... 
30.12.2023, 22:23:29 - INFO - Server is running on port: 3030 
30.12.2023, 22:23:36 - INFO - server.js loaded... 
30.12.2023, 22:23:36 - INFO - Server is running on port: 3030 
30.12.2023, 22:23:38 - INFO - Req was made | / 
30.12.2023, 22:23:38 - DEBUG - Getting toys | {"txt":"","maxPrice":"Infinity"} 
30.12.2023, 22:23:47 - INFO - Req was made | / 
30.12.2023, 22:23:47 - DEBUG - Getting toys | {"txt":"","maxPrice":"Infinity"} 
30.12.2023, 22:23:49 - INFO - Req was made | / 
30.12.2023, 22:23:49 - DEBUG - Getting toys | {"txt":"","maxPrice":"Infinity"} 
30.12.2023, 22:23:52 - INFO - Req was made | / 
30.12.2023, 22:23:52 - DEBUG - Getting toys | {"txt":"","maxPrice":"Infinity"} 
30.12.2023, 22:24:24 - INFO - server.js loaded... 
30.12.2023, 22:24:24 - INFO - Server is running on port: 3030 
30.12.2023, 22:24:32 - INFO - server.js loaded... 
30.12.2023, 22:24:32 - INFO - Server is running on port: 3030 
30.12.2023, 22:27:16 - INFO - server.js loaded... 
30.12.2023, 22:27:16 - INFO - Server is running on port: 3030 
30.12.2023, 22:27:17 - INFO - Req was made | / 
30.12.2023, 22:27:17 - DEBUG - Getting toys | {"txt":"","maxPrice":"Infinity","inStock":""} 
30.12.2023, 22:27:20 - INFO - Req was made | / 
30.12.2023, 22:27:20 - DEBUG - Getting toys | {"txt":"","maxPrice":"Infinity","inStock":"false"} 
30.12.2023, 22:27:32 - INFO - Req was made | / 
30.12.2023, 22:27:32 - DEBUG - Getting toys | {"txt":"","maxPrice":"Infinity","inStock":"true"} 
30.12.2023, 22:28:45 - INFO - server.js loaded... 
30.12.2023, 22:28:45 - INFO - Server is running on port: 3030 
30.12.2023, 22:28:58 - INFO - server.js loaded... 
30.12.2023, 22:28:58 - INFO - Server is running on port: 3030 
30.12.2023, 22:29:01 - INFO - Req was made | / 
30.12.2023, 22:29:01 - DEBUG - Getting toys | {"txt":"","maxPrice":"Infinity","inStock":""} 
30.12.2023, 22:29:03 - INFO - Req was made | / 
30.12.2023, 22:29:03 - DEBUG - Getting toys | {"txt":"","maxPrice":"Infinity","inStock":"false"} 
30.12.2023, 22:29:04 - INFO - Req was made | / 
30.12.2023, 22:29:04 - DEBUG - Getting toys | {"txt":"","maxPrice":"Infinity","inStock":"true"} 
30.12.2023, 22:29:07 - INFO - Req was made | / 
30.12.2023, 22:29:07 - DEBUG - Getting toys | {"txt":"","maxPrice":"Infinity","inStock":""} 
30.12.2023, 22:29:14 - INFO - server.js loaded... 
30.12.2023, 22:29:14 - INFO - Server is running on port: 3030 
30.12.2023, 22:29:15 - INFO - Req was made | / 
30.12.2023, 22:29:15 - DEBUG - Getting toys | {"txt":"","maxPrice":"Infinity","inStock":""} 
30.12.2023, 22:29:17 - INFO - Req was made | / 
30.12.2023, 22:29:17 - DEBUG - Getting toys | {"txt":"","maxPrice":"Infinity","inStock":"false"} 
30.12.2023, 22:29:18 - INFO - Req was made | / 
30.12.2023, 22:29:18 - DEBUG - Getting toys | {"txt":"","maxPrice":"Infinity","inStock":"true"} 
30.12.2023, 22:29:20 - INFO - Req was made | / 
30.12.2023, 22:29:20 - DEBUG - Getting toys | {"txt":"","maxPrice":"Infinity","inStock":""} 
30.12.2023, 22:29:50 - INFO - server.js loaded... 
30.12.2023, 22:29:50 - INFO - Server is running on port: 3030 
30.12.2023, 22:29:51 - INFO - Req was made | / 
30.12.2023, 22:29:51 - DEBUG - Getting toys | {"txt":"","maxPrice":"Infinity","inStock":""} 
30.12.2023, 22:29:53 - INFO - Req was made | / 
30.12.2023, 22:29:53 - DEBUG - Getting toys | {"txt":"","maxPrice":"Infinity","inStock":"true"} 
30.12.2023, 22:29:54 - INFO - Req was made | / 
30.12.2023, 22:29:54 - DEBUG - Getting toys | {"txt":"","maxPrice":"Infinity","inStock":"false"} 
30.12.2023, 22:30:24 - INFO - server.js loaded... 
30.12.2023, 22:30:24 - INFO - Server is running on port: 3030 
30.12.2023, 22:30:26 - INFO - Req was made | / 
30.12.2023, 22:30:26 - DEBUG - Getting toys | {"txt":"","maxPrice":"Infinity","inStock":""} 
30.12.2023, 22:30:27 - INFO - Req was made | / 
30.12.2023, 22:30:27 - DEBUG - Getting toys | {"txt":"","maxPrice":"Infinity","inStock":"true"} 
30.12.2023, 22:30:28 - INFO - Req was made | / 
30.12.2023, 22:30:28 - DEBUG - Getting toys | {"txt":"","maxPrice":"Infinity","inStock":"false"} 
30.12.2023, 22:30:34 - INFO - Req was made | / 
30.12.2023, 22:30:34 - DEBUG - Getting toys | {"txt":"","maxPrice":"Infinity","inStock":""} 
30.12.2023, 22:30:38 - INFO - Req was made | / 
30.12.2023, 22:30:38 - DEBUG - Getting toys | {"txt":"","maxPrice":"Infinity","inStock":"true"} 
30.12.2023, 22:30:41 - INFO - Req was made | / 
30.12.2023, 22:30:41 - DEBUG - Getting toys | {"txt":"","maxPrice":"Infinity","inStock":"false"} 
30.12.2023, 22:31:02 - INFO - Req was made | / 
30.12.2023, 22:31:02 - DEBUG - Getting toys | {"txt":"","maxPrice":"Infinity","inStock":"true"} 
30.12.2023, 22:31:04 - INFO - Req was made | / 
30.12.2023, 22:31:04 - DEBUG - Getting toys | {"txt":"","maxPrice":"Infinity","inStock":""} 
30.12.2023, 22:31:12 - INFO - Req was made | / 
30.12.2023, 22:31:12 - DEBUG - Getting toys | {"txt":"","maxPrice":"Infinity","inStock":""} 
30.12.2023, 22:31:13 - INFO - Req was made | / 
30.12.2023, 22:31:13 - DEBUG - Getting toys | {"txt":"","maxPrice":"Infinity","inStock":""} 
30.12.2023, 22:43:28 - INFO - Req was made | / 
30.12.2023, 22:43:28 - DEBUG - Getting toys | {"txt":"","maxPrice":"Infinity","inStock":""} 
30.12.2023, 22:43:35 - INFO - Req was made | / 
30.12.2023, 22:43:35 - DEBUG - Getting toys | {"txt":"","maxPrice":"Infinity","inStock":""} 
30.12.2023, 22:43:57 - INFO - Req was made | / 
30.12.2023, 22:43:57 - DEBUG - Getting toys | {"txt":"","maxPrice":"Infinity","inStock":""} 
30.12.2023, 22:53:21 - INFO - Req was made | / 
30.12.2023, 22:53:21 - DEBUG - Getting toys | {"txt":"","maxPrice":"Infinity","inStock":""} 
30.12.2023, 22:53:45 - INFO - Req was made | / 
30.12.2023, 22:53:45 - DEBUG - Getting toys | {"txt":"","maxPrice":"Infinity","inStock":""} 
30.12.2023, 22:53:48 - INFO - Req was made | / 
30.12.2023, 22:53:48 - DEBUG - Getting toys | {"txt":"","maxPrice":"Infinity","inStock":""} 
30.12.2023, 22:54:04 - INFO - Req was made | / 
30.12.2023, 22:54:04 - DEBUG - Getting toys | {"txt":"","maxPrice":"Infinity","inStock":""} 
30.12.2023, 22:54:06 - INFO - Req was made | / 
30.12.2023, 22:54:06 - DEBUG - Getting toys | {"txt":"","maxPrice":"Infinity","inStock":""} 
30.12.2023, 22:54:23 - INFO - Req was made | / 
30.12.2023, 22:54:23 - DEBUG - Getting toys | {"txt":"","maxPrice":"Infinity","inStock":""} 
30.12.2023, 22:54:29 - INFO - Req was made | / 
30.12.2023, 22:54:29 - DEBUG - Getting toys | {"txt":"","maxPrice":"Infinity","inStock":""} 
30.12.2023, 22:54:31 - DEBUG - Getting toys | {"txt":"","maxPrice":"Infinity","inStock":""} 
30.12.2023, 22:54:31 - INFO - Req was made | / 
30.12.2023, 22:54:45 - INFO - Req was made | / 
30.12.2023, 22:54:45 - DEBUG - Getting toys | {"txt":"","maxPrice":"Infinity","inStock":""} 
30.12.2023, 22:59:20 - INFO - Req was made | / 
30.12.2023, 22:59:20 - DEBUG - Getting toys | {"txt":"","maxPrice":"Infinity","inStock":""} 
30.12.2023, 23:00:21 - DEBUG - Getting toys | {"txt":"","maxPrice":"Infinity","inStock":""} 
30.12.2023, 23:00:21 - INFO - Req was made | / 
30.12.2023, 23:00:26 - INFO - Req was made | / 
30.12.2023, 23:00:26 - DEBUG - Getting toys | {"txt":"","maxPrice":"Infinity","inStock":""} 
30.12.2023, 23:00:27 - INFO - Req was made | / 
30.12.2023, 23:00:27 - DEBUG - Getting toys | {"txt":"","maxPrice":"Infinity","inStock":""} 
30.12.2023, 23:00:37 - INFO - Req was made | / 
30.12.2023, 23:00:37 - DEBUG - Getting toys | {"txt":"","maxPrice":"Infinity","inStock":"true"} 
30.12.2023, 23:00:38 - INFO - Req was made | / 
30.12.2023, 23:00:38 - DEBUG - Getting toys | {"txt":"","maxPrice":"Infinity","inStock":"false"} 
30.12.2023, 23:00:39 - INFO - Req was made | / 
30.12.2023, 23:00:39 - DEBUG - Getting toys | {"txt":"","maxPrice":"Infinity","inStock":""} 
30.12.2023, 23:00:42 - INFO - Req was made | / 
30.12.2023, 23:00:42 - DEBUG - Getting toys | {"txt":"","maxPrice":"Infinity","inStock":""} 
30.12.2023, 23:00:57 - INFO - Req was made | / 
30.12.2023, 23:00:57 - DEBUG - Getting toys | {"txt":"","maxPrice":"Infinity","inStock":""} 
30.12.2023, 23:01:49 - INFO - Req was made | / 
30.12.2023, 23:01:49 - DEBUG - Getting toys | {"txt":"","maxPrice":"Infinity","inStock":""} 
30.12.2023, 23:02:22 - INFO - server.js loaded... 
30.12.2023, 23:02:22 - INFO - Server is running on port: 3030 
30.12.2023, 23:02:56 - INFO - server.js loaded... 
30.12.2023, 23:02:56 - INFO - Server is running on port: 3030 
30.12.2023, 23:02:59 - INFO - Req was made | / 
30.12.2023, 23:02:59 - DEBUG - Getting toys | {"txt":"","maxPrice":"Infinity","inStock":""} 
30.12.2023, 23:03:22 - INFO - server.js loaded... 
30.12.2023, 23:03:22 - INFO - Server is running on port: 3030 
30.12.2023, 23:04:21 - INFO - server.js loaded... 
30.12.2023, 23:04:21 - INFO - Server is running on port: 3030 
30.12.2023, 23:04:36 - INFO - server.js loaded... 
30.12.2023, 23:04:36 - INFO - Server is running on port: 3030 
30.12.2023, 23:05:44 - INFO - server.js loaded... 
30.12.2023, 23:05:44 - INFO - Server is running on port: 3030 
30.12.2023, 23:05:44 - INFO - Req was made | / 
30.12.2023, 23:05:44 - DEBUG - Getting toys | {"txt":"","maxPrice":"Infinity","inStock":""} 
30.12.2023, 23:05:47 - INFO - Req was made | / 
30.12.2023, 23:05:47 - DEBUG - Getting toys | {"txt":"","maxPrice":"Infinity","inStock":"true"} 
30.12.2023, 23:05:49 - INFO - Req was made | / 
30.12.2023, 23:05:49 - DEBUG - Getting toys | {"txt":"","maxPrice":"Infinity","inStock":"false"} 
30.12.2023, 23:05:50 - INFO - Req was made | / 
30.12.2023, 23:05:50 - DEBUG - Getting toys | {"txt":"","maxPrice":"Infinity","inStock":""} 
30.12.2023, 23:07:10 - INFO - server.js loaded... 
30.12.2023, 23:07:10 - INFO - Server is running on port: 3030 
30.12.2023, 23:08:06 - INFO - Req was made | / 
30.12.2023, 23:08:06 - DEBUG - Getting toys | {"txt":"","maxPrice":"Infinity","inStock":""} 
30.12.2023, 23:09:28 - INFO - server.js loaded... 
30.12.2023, 23:09:28 - INFO - Server is running on port: 3030 
30.12.2023, 23:09:40 - INFO - server.js loaded... 
30.12.2023, 23:09:40 - INFO - Server is running on port: 3030 
30.12.2023, 23:10:13 - INFO - server.js loaded... 
30.12.2023, 23:10:13 - INFO - Server is running on port: 3030 
30.12.2023, 23:12:33 - INFO - Req was made | / 
30.12.2023, 23:12:33 - DEBUG - Getting toys | {"txt":"","maxPrice":"Infinity","inStock":""} 
30.12.2023, 23:12:49 - INFO - server.js loaded... 
30.12.2023, 23:12:50 - INFO - Server is running on port: 3030 
30.12.2023, 23:12:51 - INFO - Req was made | / 
30.12.2023, 23:12:51 - DEBUG - Getting toys | {"txt":"","maxPrice":"Infinity","inStock":""} 
30.12.2023, 23:13:02 - INFO - Req was made | / 
30.12.2023, 23:13:02 - DEBUG - Getting toys | {"txt":"","maxPrice":"Infinity","inStock":""} 
30.12.2023, 23:13:28 - INFO - server.js loaded... 
30.12.2023, 23:13:28 - INFO - Server is running on port: 3030 
30.12.2023, 23:13:30 - INFO - Req was made | / 
30.12.2023, 23:13:30 - DEBUG - Getting toys | {"txt":"","maxPrice":"Infinity","inStock":""} 
30.12.2023, 23:14:23 - INFO - Req was made | / 
30.12.2023, 23:14:23 - DEBUG - Getting toys | {"txt":"","maxPrice":"Infinity","inStock":""} 
30.12.2023, 23:14:39 - INFO - Req was made | / 
30.12.2023, 23:14:39 - DEBUG - Getting toys | {"txt":"","maxPrice":"Infinity","inStock":""} 
30.12.2023, 23:14:46 - INFO - Req was made | / 
30.12.2023, 23:14:46 - DEBUG - Getting toys | {"txt":"","maxPrice":"Infinity","inStock":""} 
30.12.2023, 23:15:00 - INFO - Req was made | / 
30.12.2023, 23:15:00 - DEBUG - Getting toys | {"txt":"","maxPrice":"Infinity","inStock":""} 
30.12.2023, 23:16:50 - INFO - Req was made | / 
30.12.2023, 23:16:50 - DEBUG - Getting toys | {"txt":"","maxPrice":"Infinity","inStock":""} 
30.12.2023, 23:18:55 - INFO - Req was made | / 
30.12.2023, 23:18:55 - DEBUG - Getting toys | {"txt":"","maxPrice":"Infinity","inStock":""} 
30.12.2023, 23:20:55 - INFO - server.js loaded... 
30.12.2023, 23:20:55 - INFO - Server is running on port: 3030 
30.12.2023, 23:21:01 - DEBUG - Getting toys | {"txt":"","maxPrice":"Infinity","inStock":""} 
30.12.2023, 23:21:01 - INFO - Req was made | / 
30.12.2023, 23:21:20 - INFO - server.js loaded... 
30.12.2023, 23:21:20 - INFO - Server is running on port: 3030 
30.12.2023, 23:22:23 - INFO - server.js loaded... 
30.12.2023, 23:22:23 - INFO - Server is running on port: 3030 
30.12.2023, 23:22:25 - INFO - Req was made | / 
30.12.2023, 23:22:25 - DEBUG - Getting toys | {"txt":"","maxPrice":"Infinity","inStock":""} 
30.12.2023, 23:22:43 - INFO - server.js loaded... 
30.12.2023, 23:22:43 - INFO - Server is running on port: 3030 
30.12.2023, 23:22:45 - INFO - Req was made | / 
30.12.2023, 23:22:45 - DEBUG - Getting toys | {"txt":"","maxPrice":"Infinity","inStock":""} 
30.12.2023, 23:23:36 - INFO - server.js loaded... 
30.12.2023, 23:23:36 - INFO - Server is running on port: 3030 
30.12.2023, 23:23:40 - INFO - Req was made | / 
30.12.2023, 23:23:40 - DEBUG - Getting toys | {"txt":"","maxPrice":"Infinity","inStock":""} 
30.12.2023, 23:26:16 - INFO - server.js loaded... 
30.12.2023, 23:26:16 - INFO - Server is running on port: 3030 
30.12.2023, 23:26:36 - INFO - server.js loaded... 
30.12.2023, 23:26:36 - INFO - Server is running on port: 3030 
30.12.2023, 23:26:46 - INFO - server.js loaded... 
30.12.2023, 23:26:46 - INFO - Server is running on port: 3030 
30.12.2023, 23:28:09 - INFO - server.js loaded... 
30.12.2023, 23:28:09 - INFO - Server is running on port: 3030 
30.12.2023, 23:28:16 - INFO - server.js loaded... 
30.12.2023, 23:28:16 - INFO - Server is running on port: 3030 
30.12.2023, 23:28:50 - INFO - server.js loaded... 
30.12.2023, 23:28:51 - INFO - Server is running on port: 3030 
30.12.2023, 23:29:29 - INFO - Req was made | / 
30.12.2023, 23:29:29 - DEBUG - Getting toys | {"txt":"","maxPrice":"Infinity","inStock":""} 
30.12.2023, 23:29:47 - INFO - Req was made | / 
30.12.2023, 23:29:47 - DEBUG - Getting toys | {"txt":"","maxPrice":"Infinity","inStock":""} 
30.12.2023, 23:29:51 - DEBUG - Getting toys | {"txt":"","maxPrice":"Infinity","inStock":""} 
30.12.2023, 23:29:51 - INFO - Req was made | / 
30.12.2023, 23:29:54 - INFO - Req was made | / 
30.12.2023, 23:29:54 - DEBUG - Getting toys | {"txt":"","maxPrice":"Infinity","inStock":""} 
30.12.2023, 23:29:56 - INFO - Req was made | / 
30.12.2023, 23:29:56 - DEBUG - Getting toys | {"txt":"","maxPrice":"Infinity","inStock":""} 
30.12.2023, 23:30:00 - INFO - Req was made | / 
30.12.2023, 23:30:00 - DEBUG - Getting toys | {"txt":"","maxPrice":"Infinity","inStock":""} 
30.12.2023, 23:30:02 - INFO - Req was made | / 
30.12.2023, 23:30:02 - DEBUG - Getting toys | {"txt":"","maxPrice":"Infinity","inStock":""} 
30.12.2023, 23:30:05 - INFO - Req was made | / 
30.12.2023, 23:30:05 - DEBUG - Getting toys | {"txt":"","maxPrice":"Infinity","inStock":""} 
30.12.2023, 23:30:06 - INFO - Req was made | / 
30.12.2023, 23:30:06 - DEBUG - Getting toys | {"txt":"","maxPrice":"Infinity","inStock":""} 
30.12.2023, 23:30:07 - INFO - Req was made | / 
30.12.2023, 23:30:07 - DEBUG - Getting toys | {"txt":"","maxPrice":"Infinity","inStock":""} 
30.12.2023, 23:30:08 - INFO - Req was made | / 
30.12.2023, 23:30:08 - DEBUG - Getting toys | {"txt":"","maxPrice":"Infinity","inStock":""} 
30.12.2023, 23:30:36 - INFO - Req was made | / 
30.12.2023, 23:30:36 - DEBUG - Getting toys | {"txt":"","maxPrice":"Infinity","inStock":""} 
30.12.2023, 23:31:56 - INFO - server.js loaded... 
30.12.2023, 23:31:56 - INFO - Server is running on port: 3030 
30.12.2023, 23:32:07 - INFO - server.js loaded... 
30.12.2023, 23:32:07 - INFO - Server is running on port: 3030 
30.12.2023, 23:34:32 - INFO - server.js loaded... 
30.12.2023, 23:34:32 - INFO - Server is running on port: 3030 
30.12.2023, 23:34:44 - INFO - server.js loaded... 
30.12.2023, 23:34:44 - INFO - Server is running on port: 3030 
30.12.2023, 23:34:53 - INFO - server.js loaded... 
30.12.2023, 23:34:53 - INFO - Server is running on port: 3030 
30.12.2023, 23:34:54 - INFO - Req was made | / 
30.12.2023, 23:34:54 - DEBUG - Getting toys | {"txt":"","maxPrice":"Infinity","inStock":""} 
30.12.2023, 23:35:05 - INFO - server.js loaded... 
30.12.2023, 23:35:05 - INFO - Server is running on port: 3030 
30.12.2023, 23:35:22 - INFO - server.js loaded... 
30.12.2023, 23:35:22 - INFO - Server is running on port: 3030 
30.12.2023, 23:38:13 - INFO - Req was made | / 
30.12.2023, 23:38:13 - DEBUG - Getting toys | {"txt":"","maxPrice":"Infinity","inStock":""} 
31.12.2023, 8:46:15 - INFO - server.js loaded... 
31.12.2023, 8:46:15 - INFO - Server is running on port: 3030 
31.12.2023, 16:19:00 - INFO - Req was made | / 
31.12.2023, 16:19:00 - DEBUG - Getting toys | {"txt":"","maxPrice":"Infinity","inStock":""} 
31.12.2023, 16:20:53 - DEBUG - auth.service - signup with username: amir, fullname: amir 
31.12.2023, 16:20:55 - DEBUG - auth.route - new account created: {"username":"amir","password":"$2b$10$gVF9rMrVZcozxQHZl0x0reMhyW423R4ugNOSwjJaaujclIdt9.h6u","fullname":"amir","score":0,"_id":"659178c64a0831b329bae5af"} 
31.12.2023, 16:20:55 - DEBUG - auth.service - login with username: amir 
31.12.2023, 16:21:08 - INFO - Req was made | / 
31.12.2023, 16:21:08 - DEBUG - Getting toys | {"txt":"","maxPrice":"Infinity","inStock":""} 
31.12.2023, 16:22:50 - INFO - Req was made | / 
31.12.2023, 16:22:50 - DEBUG - Getting toys | {"txt":"","maxPrice":"Infinity","inStock":""} 
31.12.2023, 16:23:44 - INFO - Req was made | / 
31.12.2023, 16:23:44 - DEBUG - Getting toys | {"txt":"","maxPrice":"Infinity","inStock":""} 
31.12.2023, 16:23:50 - INFO - Req was made | / 
31.12.2023, 16:23:50 - DEBUG - Getting toys | {"txt":"","maxPrice":"Infinity","inStock":""} 
31.12.2023, 16:24:15 - INFO - Req was made | / 
31.12.2023, 16:24:15 - DEBUG - Getting toys | {"txt":"","maxPrice":"Infinity","inStock":""} 
31.12.2023, 16:33:45 - INFO - server.js loaded... 
31.12.2023, 16:33:45 - INFO - Server is running on port: 3030 
31.12.2023, 16:33:58 - INFO - Req was made | / 
31.12.2023, 16:33:58 - DEBUG - Getting toys | {"txt":"","maxPrice":"Infinity","inStock":""} 
31.12.2023, 16:34:23 - DEBUG - auth.service - signup with username: amir, fullname: amir yanko 
31.12.2023, 16:34:23 - DEBUG - auth.route - new account created: {"username":"amir","password":"$2b$10$QmEyOlBwD6xEJInJa8GP5eXjQyrBREucdnVlENNswetD.OUA9ecu6","fullname":"amir yanko","score":0,"isAdmin":false,"_id":"65917bef0dabd8d3c362a3e6"} 
31.12.2023, 16:34:23 - DEBUG - auth.service - login with username: amir 
31.12.2023, 16:34:49 - INFO - Req was made | / 
31.12.2023, 16:34:49 - DEBUG - Getting toys | {"txt":"","maxPrice":"Infinity","inStock":""} 
31.12.2023, 16:34:53 - INFO - Req was made | / 
31.12.2023, 16:34:53 - DEBUG - Getting toys | {"txt":"","maxPrice":"Infinity","inStock":""} 
31.12.2023, 16:35:04 - DEBUG - auth.service - login with username: amir 
31.12.2023, 16:35:04 - INFO - User login:  | {"_id":"65917bef0dabd8d3c362a3e6","username":"amir","fullname":"amir yanko","score":0,"isAdmin":true} 
31.12.2023, 16:35:05 - INFO - Req was made | / 
31.12.2023, 16:35:05 - DEBUG - Getting toys | {"txt":"","maxPrice":"Infinity","inStock":""} 
31.12.2023, 16:35:28 - DEBUG - Getting toys | {"txt":"","maxPrice":"Infinity","inStock":""} 
31.12.2023, 16:35:28 - INFO - Req was made | / 
31.12.2023, 16:42:16 - DEBUG - auth.service - login with username: muki 
31.12.2023, 16:42:16 - ERROR - Failed to Login Error: Invalid username or password 
31.12.2023, 16:42:20 - DEBUG - auth.service - signup with username: muki, fullname: fgd 
31.12.2023, 16:42:20 - DEBUG - auth.route - new account created: {"username":"muki","password":"$2b$10$QfcqXnNp1kEVhwb6CxTs2O.TPr2z7wyAfCZxCFGgMGVUB.8knrJ4C","fullname":"fgd","score":0,"isAdmin":false,"_id":"65917dcc0dabd8d3c362a3e7"} 
31.12.2023, 16:42:20 - DEBUG - auth.service - login with username: muki 
31.12.2023, 16:42:36 - DEBUG - auth.service - login with username: amir 
31.12.2023, 16:42:36 - ERROR - Failed to Login Error: Invalid username or password 
31.12.2023, 16:42:43 - INFO - Req was made | / 
31.12.2023, 16:42:43 - DEBUG - Getting toys | {"txt":"","maxPrice":"Infinity","inStock":""} 
31.12.2023, 16:42:45 - DEBUG - auth.service - login with username: muki 
31.12.2023, 16:42:45 - INFO - User login:  | {"_id":"65917dcc0dabd8d3c362a3e7","username":"muki","fullname":"fgd","score":0,"isAdmin":false} 
31.12.2023, 16:46:08 - DEBUG - auth.service - signup with username: lolo, fullname: lolo popo 
31.12.2023, 16:46:08 - DEBUG - auth.route - new account created: {"username":"lolo","password":"$2b$10$lyU7LWZDBx5lxU/hHAyv2OPcOALvDsFHx3NcSO99GTzbUY3T8s1Vy","fullname":"lolo popo","score":0,"isAdmin":false,"_id":"65917eb00dabd8d3c362a3e8"} 
31.12.2023, 16:46:08 - DEBUG - auth.service - login with username: lolo 
31.12.2023, 16:53:46 - INFO - Req was made | / 
31.12.2023, 16:53:46 - DEBUG - Getting toys | {"txt":"","maxPrice":"Infinity","inStock":""} 
31.12.2023, 16:54:38 - INFO - Req was made | / 
31.12.2023, 16:54:38 - DEBUG - Getting toys | {"txt":"","maxPrice":"Infinity","inStock":""} 
31.12.2023, 16:54:41 - DEBUG - auth.service - login with username: muki 
31.12.2023, 16:54:41 - INFO - User login:  | {"_id":"65917dcc0dabd8d3c362a3e7","username":"muki","fullname":"fgd","score":0,"isAdmin":false} 
31.12.2023, 16:55:21 - INFO - Req was made | / 
31.12.2023, 16:55:21 - DEBUG - Getting toys | {"txt":"","maxPrice":"Infinity","inStock":""} 
31.12.2023, 16:55:23 - DEBUG - auth.service - login with username: muki 
31.12.2023, 16:55:23 - INFO - User login:  | {"_id":"65917dcc0dabd8d3c362a3e7","username":"muki","fullname":"fgd","score":0,"isAdmin":false} 
31.12.2023, 16:55:34 - DEBUG - auth.service - login with username: muki 
31.12.2023, 16:55:34 - INFO - User login:  | {"_id":"65917dcc0dabd8d3c362a3e7","username":"muki","fullname":"fgd","score":0,"isAdmin":false} 
31.12.2023, 16:55:37 - INFO - Req was made | / 
31.12.2023, 16:55:37 - DEBUG - Getting toys | {"txt":"","maxPrice":"Infinity","inStock":""} 
31.12.2023, 16:55:42 - DEBUG - auth.service - login with username: amir 
31.12.2023, 16:55:42 - INFO - User login:  | {"_id":"65917bef0dabd8d3c362a3e6","username":"amir","fullname":"amir yanko","score":0,"isAdmin":true} 
31.12.2023, 16:55:43 - INFO - Req was made | / 
31.12.2023, 16:55:43 - DEBUG - Getting toys | {"txt":"","maxPrice":"Infinity","inStock":""} 
31.12.2023, 16:56:00 - INFO - Req was made | / 
31.12.2023, 16:56:00 - DEBUG - Getting toys | {"txt":"","maxPrice":"Infinity","inStock":""} 
31.12.2023, 16:56:01 - DEBUG - Getting toys | {"txt":"","maxPrice":"Infinity","inStock":""} 
31.12.2023, 16:56:01 - INFO - Req was made | / 
31.12.2023, 16:56:02 - INFO - Req was made | / 
31.12.2023, 16:56:02 - DEBUG - Getting toys | {"txt":"","maxPrice":"Infinity","inStock":""} 
31.12.2023, 16:57:57 - INFO - Req was made | / 
31.12.2023, 16:57:57 - DEBUG - Getting toys | {"txt":"","maxPrice":"Infinity","inStock":""} 
31.12.2023, 16:58:09 - INFO - server.js loaded... 
31.12.2023, 16:58:09 - INFO - Server is running on port: 3030 
